<?xml version="1.0" encoding="utf-8"?>
<CoverageSession xmlns:xsi="http://www.w3.org/2001/XMLSchema-instance" xmlns:xsd="http://www.w3.org/2001/XMLSchema">
  <Modules>
    <Module skippedDueTo="Filter" hash="35-2E-B1-4C-7B-4D-B0-B1-49-08-80-68-07-73-F5-BF-CE-D9-72-5B">
      <FullName>C:\WINDOWS\assembly\GAC_32\mscorlib\2.0.0.0__b77a5c561934e089\mscorlib.dll</FullName>
      <ModuleName>mscorlib</ModuleName>
      <Classes />
    </Module>
    <Module skippedDueTo="Filter" hash="F9-04-A8-31-CD-FB-23-72-95-63-5D-14-9A-A0-66-8E-7F-44-93-7A">
      <FullName>C:\WINDOWS\assembly\GAC_32\mscorlib\2.0.0.0__b77a5c561934e089\sorttbls.nlp</FullName>
      <ModuleName>mscorlib</ModuleName>
      <Classes />
    </Module>
    <Module skippedDueTo="MissingPdb" hash="DA-11-AB-7A-54-40-91-0F-E3-CC-4F-E4-30-43-80-09-4A-8C-B6-BA">
      <FullName>C:\Program Files\SharpDevelop\4.3\bin\Tools\NUnit\nunit-console-dotnet2-x86.exe</FullName>
      <ModuleName>nunit-console</ModuleName>
      <Classes />
    </Module>
    <Module skippedDueTo="MissingPdb" hash="23-35-8C-86-05-D5-AE-FE-3C-1F-09-A0-86-02-40-7C-4F-CA-59-41">
      <FullName>C:\Program Files\SharpDevelop\4.3\bin\Tools\NUnit\lib\nunit.core.dll</FullName>
      <ModuleName>nunit.core</ModuleName>
      <Classes />
    </Module>
    <Module skippedDueTo="MissingPdb" hash="57-DD-20-42-DA-33-B3-EE-DA-8C-8E-25-C9-E5-07-B5-08-62-0F-88">
      <FullName>C:\Program Files\SharpDevelop\4.3\bin\Tools\NUnit\lib\nunit.util.dll</FullName>
      <ModuleName>nunit.util</ModuleName>
      <Classes />
    </Module>
    <Module skippedDueTo="MissingPdb" hash="79-F8-9A-22-4E-29-52-37-00-CF-81-FF-1F-EA-05-EC-74-2A-2E-C8">
      <FullName>C:\Program Files\SharpDevelop\4.3\bin\Tools\NUnit\lib\nunit-console-runner.dll</FullName>
      <ModuleName>nunit-console-runner</ModuleName>
      <Classes />
    </Module>
    <Module skippedDueTo="MissingPdb" hash="AD-76-2F-3C-5E-F6-77-0D-C6-AD-AF-A3-90-85-28-07-2D-A0-59-50">
      <FullName>C:\Program Files\SharpDevelop\4.3\bin\Tools\NUnit\lib\nunit.core.interfaces.dll</FullName>
      <ModuleName>nunit.core.interfaces</ModuleName>
      <Classes />
    </Module>
    <Module skippedDueTo="Filter" hash="6E-30-2E-50-36-FB-60-2C-8E-50-C0-83-54-8B-CC-EA-A8-91-B6-CC">
      <FullName>C:\WINDOWS\assembly\GAC_32\mscorlib\2.0.0.0__b77a5c561934e089\sortkey.nlp</FullName>
      <ModuleName>mscorlib</ModuleName>
      <Classes />
    </Module>
    <Module skippedDueTo="Filter" hash="5B-B8-1B-23-5E-BF-05-25-BD-98-76-9C-10-CA-0E-CF-77-F5-53-6F">
      <FullName>C:\WINDOWS\assembly\GAC_MSIL\System.Configuration\2.0.0.0__b03f5f7f11d50a3a\System.Configuration.dll</FullName>
      <ModuleName>System.Configuration</ModuleName>
      <Classes />
    </Module>
    <Module skippedDueTo="Filter" hash="DF-A4-70-55-5A-FB-73-C3-86-13-DF-CC-FB-B1-9F-16-7A-A5-1F-96">
      <FullName>C:\WINDOWS\assembly\GAC_MSIL\System\2.0.0.0__b77a5c561934e089\System.dll</FullName>
      <ModuleName>System</ModuleName>
      <Classes />
    </Module>
    <Module skippedDueTo="Filter" hash="86-32-53-5C-22-A1-08-F4-F7-AF-64-1D-21-26-5E-C2-8D-61-84-A8">
      <FullName>C:\WINDOWS\assembly\GAC_MSIL\System.Xml\2.0.0.0__b77a5c561934e089\System.Xml.dll</FullName>
      <ModuleName>System.Xml</ModuleName>
      <Classes />
    </Module>
    <Module skippedDueTo="Filter" hash="10-93-7B-6F-E5-53-16-F4-95-3C-78-EE-F3-E7-A2-42-5C-D2-16-97">
      <FullName>C:\WINDOWS\assembly\GAC_MSIL\System.Runtime.Remoting\2.0.0.0__b77a5c561934e089\System.Runtime.Remoting.dll</FullName>
      <ModuleName>System.Runtime.Remoting</ModuleName>
      <Classes />
    </Module>
    <Module skippedDueTo="MissingPdb" hash="23-35-8C-86-05-D5-AE-FE-3C-1F-09-A0-86-02-40-7C-4F-CA-59-41">
      <FullName>C:\Program Files\SharpDevelop\4.3\bin\Tools\NUnit\lib\nunit.core.dll</FullName>
      <ModuleName>nunit.core</ModuleName>
      <Classes />
    </Module>
    <Module skippedDueTo="Filter" hash="DF-A4-70-55-5A-FB-73-C3-86-13-DF-CC-FB-B1-9F-16-7A-A5-1F-96">
      <FullName>C:\WINDOWS\assembly\GAC_MSIL\System\2.0.0.0__b77a5c561934e089\System.dll</FullName>
      <ModuleName>System</ModuleName>
      <Classes />
    </Module>
    <Module skippedDueTo="Filter" hash="86-32-53-5C-22-A1-08-F4-F7-AF-64-1D-21-26-5E-C2-8D-61-84-A8">
      <FullName>C:\WINDOWS\assembly\GAC_MSIL\System.Xml\2.0.0.0__b77a5c561934e089\System.Xml.dll</FullName>
      <ModuleName>System.Xml</ModuleName>
      <Classes />
    </Module>
    <Module skippedDueTo="MissingPdb" hash="AD-76-2F-3C-5E-F6-77-0D-C6-AD-AF-A3-90-85-28-07-2D-A0-59-50">
      <FullName>C:\Program Files\SharpDevelop\4.3\bin\Tools\NUnit\lib\nunit.core.interfaces.dll</FullName>
      <ModuleName>nunit.core.interfaces</ModuleName>
      <Classes />
    </Module>
    <Module hash="CE-A4-DE-FA-F3-23-7D-E4-F8-EB-B6-11-E8-A1-B1-C2-B7-D0-D7-3D">
      <FullName>C:\Documents and Settings\BJORN\Local Settings\Temp\nunit20\ShadowCopyCache\5108_634891618422723750\Tests_314581156\assembly\dl3\fd8d69fa\3e6f9a1a_cfc7cd01\LibClassicBot.DLL</FullName>
      <ModuleName>LibClassicBot</ModuleName>
      <Files>
        <File uid="1" fullPath="f:\PortableApps\MSysGitPortable\Data\home\LibClassicBot\LibClassicBot\BotCommands.cs" />
        <File uid="2" fullPath="f:\PortableApps\MSysGitPortable\Data\home\LibClassicBot\LibClassicBot\BotDrawing.cs" />
        <File uid="3" fullPath="f:\PortableApps\MSysGitPortable\Data\home\LibClassicBot\LibClassicBot\BotNetworking.cs" />
        <File uid="4" fullPath="f:\PortableApps\MSysGitPortable\Data\home\LibClassicBot\LibClassicBot\MainBot.cs" />
        <File uid="7" fullPath="f:\PortableApps\MSysGitPortable\Data\home\LibClassicBot\LibClassicBot\Drawing\CuboidH.cs" />
        <File uid="9" fullPath="f:\PortableApps\MSysGitPortable\Data\home\LibClassicBot\LibClassicBot\Drawing\Ellipsoid.cs" />
        <File uid="12" fullPath="f:\PortableApps\MSysGitPortable\Data\home\LibClassicBot\LibClassicBot\Drawing\Line.cs" />
        <File uid="14" fullPath="f:\PortableApps\MSysGitPortable\Data\home\LibClassicBot\LibClassicBot\Drawing\CuboidW.cs" />
        <File uid="16" fullPath="f:\PortableApps\MSysGitPortable\Data\home\LibClassicBot\LibClassicBot\Drawing\Pyramid.cs" />
        <File uid="17" fullPath="f:\PortableApps\MSysGitPortable\Data\home\LibClassicBot\LibClassicBot\Drawing\Cuboid.cs" />
        <File uid="18" fullPath="f:\PortableApps\MSysGitPortable\Data\home\LibClassicBot\LibClassicBot\Drawing\Vector3I.cs" />
        <File uid="19" fullPath="f:\PortableApps\MSysGitPortable\Data\home\LibClassicBot\LibClassicBot\Events\BotEvents.cs" />
        <File uid="25" fullPath="f:\PortableApps\MSysGitPortable\Data\home\LibClassicBot\LibClassicBot\MapFCM3.cs" />
        <File uid="26" fullPath="f:\PortableApps\MSysGitPortable\Data\home\LibClassicBot\LibClassicBot\Networking\PacketCreator.cs" />
        <File uid="27" fullPath="f:\PortableApps\MSysGitPortable\Data\home\LibClassicBot\LibClassicBot\NetExtensions.cs" />
        <File uid="28" fullPath="f:\PortableApps\MSysGitPortable\Data\home\LibClassicBot\LibClassicBot\Remote\Events\RemoteEvents.cs" />
        <File uid="32" fullPath="f:\PortableApps\MSysGitPortable\Data\home\LibClassicBot\LibClassicBot\Remote\RemoteClient.cs" />
        <File uid="33" fullPath="f:\PortableApps\MSysGitPortable\Data\home\LibClassicBot\LibClassicBot\Remote\Server.cs" />
      </Files>
      <Classes>
        <Class>
          <FullName>&lt;Module&gt;</FullName>
          <Methods />
        </Class>
        <Class>
          <FullName>LibClassicBot.ClassicBot</FullName>
          <Methods>
            <Method visited="false" cyclomaticComplexity="1" sequenceCoverage="0" branchCoverage="0" isConstructor="false" isStatic="false" isGetter="true" isSetter="false">
              <MetadataToken>100663304</MetadataToken>
              <Name>System.Boolean LibClassicBot.ClassicBot::get_DrawingAborted()</Name>
              <FileRef uid="2" />
              <SequencePoints>
                <SequencePoint vc="0" uspid="1" ordinal="0" offset="0" sl="80" sc="8" el="80" ec="9" />
                <SequencePoint vc="0" uspid="2" ordinal="1" offset="1" sl="80" sc="10" el="80" ec="32" />
                <SequencePoint vc="0" uspid="3" ordinal="2" offset="10" sl="80" sc="33" el="80" ec="34" />
              </SequencePoints>
              <BranchPoints />
              <MethodPoint xsi:type="SequencePoint" vc="0" uspid="1" ordinal="0" offset="0" sl="80" sc="8" el="80" ec="9" />
            </Method>
            <Method visited="false" cyclomaticComplexity="2" sequenceCoverage="0" branchCoverage="0" isConstructor="false" isStatic="false" isGetter="true" isSetter="false">
              <MetadataToken>100663315</MetadataToken>
              <Name>System.Single LibClassicBot.ClassicBot::get_X()</Name>
              <FileRef uid="4" />
              <SequencePoints>
                <SequencePoint vc="0" uspid="4" ordinal="0" offset="0" sl="23" sc="8" el="23" ec="9" />
                <SequencePoint vc="0" uspid="5" ordinal="1" offset="1" sl="23" sc="10" el="23" ec="41" />
                <SequencePoint vc="0" uspid="6" ordinal="2" offset="24" sl="23" sc="42" el="23" ec="70" />
                <SequencePoint vc="0" uspid="7" ordinal="3" offset="48" sl="23" sc="76" el="23" ec="85" />
                <SequencePoint vc="0" uspid="8" ordinal="4" offset="56" sl="23" sc="86" el="23" ec="87" />
              </SequencePoints>
              <BranchPoints>
                <BranchPoint vc="0" uspid="9" ordinal="0" offset="22" path="0" />
                <BranchPoint vc="0" uspid="10" ordinal="1" offset="22" path="1" />
              </BranchPoints>
              <MethodPoint xsi:type="SequencePoint" vc="0" uspid="4" ordinal="0" offset="0" sl="23" sc="8" el="23" ec="9" />
            </Method>
            <Method visited="false" cyclomaticComplexity="2" sequenceCoverage="0" branchCoverage="0" isConstructor="false" isStatic="false" isGetter="true" isSetter="false">
              <MetadataToken>100663316</MetadataToken>
              <Name>System.Single LibClassicBot.ClassicBot::get_Y()</Name>
              <FileRef uid="4" />
              <SequencePoints>
                <SequencePoint vc="0" uspid="11" ordinal="0" offset="0" sl="28" sc="8" el="28" ec="9" />
                <SequencePoint vc="0" uspid="12" ordinal="1" offset="1" sl="28" sc="10" el="28" ec="36" />
                <SequencePoint vc="0" uspid="13" ordinal="2" offset="24" sl="28" sc="37" el="28" ec="60" />
                <SequencePoint vc="0" uspid="14" ordinal="3" offset="48" sl="28" sc="66" el="28" ec="75" />
                <SequencePoint vc="0" uspid="15" ordinal="4" offset="56" sl="28" sc="76" el="28" ec="77" />
              </SequencePoints>
              <BranchPoints>
                <BranchPoint vc="0" uspid="16" ordinal="0" offset="22" path="0" />
                <BranchPoint vc="0" uspid="17" ordinal="1" offset="22" path="1" />
              </BranchPoints>
              <MethodPoint xsi:type="SequencePoint" vc="0" uspid="11" ordinal="0" offset="0" sl="28" sc="8" el="28" ec="9" />
            </Method>
            <Method visited="false" cyclomaticComplexity="2" sequenceCoverage="0" branchCoverage="0" isConstructor="false" isStatic="false" isGetter="true" isSetter="false">
              <MetadataToken>100663317</MetadataToken>
              <Name>System.Single LibClassicBot.ClassicBot::get_Z()</Name>
              <FileRef uid="4" />
              <SequencePoints>
                <SequencePoint vc="0" uspid="18" ordinal="0" offset="0" sl="33" sc="8" el="33" ec="9" />
                <SequencePoint vc="0" uspid="19" ordinal="1" offset="1" sl="33" sc="10" el="33" ec="36" />
                <SequencePoint vc="0" uspid="20" ordinal="2" offset="24" sl="33" sc="37" el="33" ec="60" />
                <SequencePoint vc="0" uspid="21" ordinal="3" offset="48" sl="33" sc="66" el="33" ec="75" />
                <SequencePoint vc="0" uspid="22" ordinal="4" offset="56" sl="33" sc="76" el="33" ec="77" />
              </SequencePoints>
              <BranchPoints>
                <BranchPoint vc="0" uspid="23" ordinal="0" offset="22" path="0" />
                <BranchPoint vc="0" uspid="24" ordinal="1" offset="22" path="1" />
              </BranchPoints>
              <MethodPoint xsi:type="SequencePoint" vc="0" uspid="18" ordinal="0" offset="0" sl="33" sc="8" el="33" ec="9" />
            </Method>
            <Method visited="false" cyclomaticComplexity="2" sequenceCoverage="0" branchCoverage="0" isConstructor="false" isStatic="false" isGetter="true" isSetter="false">
              <MetadataToken>100663318</MetadataToken>
              <Name>System.Byte LibClassicBot.ClassicBot::get_Yaw()</Name>
              <FileRef uid="4" />
              <SequencePoints>
                <SequencePoint vc="0" uspid="25" ordinal="0" offset="0" sl="38" sc="8" el="38" ec="9" />
                <SequencePoint vc="0" uspid="26" ordinal="1" offset="1" sl="38" sc="10" el="38" ec="36" />
                <SequencePoint vc="0" uspid="27" ordinal="2" offset="24" sl="38" sc="37" el="38" ec="62" />
                <SequencePoint vc="0" uspid="28" ordinal="3" offset="48" sl="38" sc="68" el="38" ec="77" />
                <SequencePoint vc="0" uspid="29" ordinal="4" offset="52" sl="38" sc="78" el="38" ec="79" />
              </SequencePoints>
              <BranchPoints>
                <BranchPoint vc="0" uspid="30" ordinal="0" offset="22" path="0" />
                <BranchPoint vc="0" uspid="31" ordinal="1" offset="22" path="1" />
              </BranchPoints>
              <MethodPoint xsi:type="SequencePoint" vc="0" uspid="25" ordinal="0" offset="0" sl="38" sc="8" el="38" ec="9" />
            </Method>
            <Method visited="false" cyclomaticComplexity="2" sequenceCoverage="0" branchCoverage="0" isConstructor="false" isStatic="false" isGetter="true" isSetter="false">
              <MetadataToken>100663319</MetadataToken>
              <Name>System.Byte LibClassicBot.ClassicBot::get_Pitch()</Name>
              <FileRef uid="4" />
              <SequencePoints>
                <SequencePoint vc="0" uspid="32" ordinal="0" offset="0" sl="43" sc="8" el="43" ec="9" />
                <SequencePoint vc="0" uspid="33" ordinal="1" offset="1" sl="43" sc="10" el="43" ec="36" />
                <SequencePoint vc="0" uspid="34" ordinal="2" offset="24" sl="43" sc="37" el="43" ec="64" />
                <SequencePoint vc="0" uspid="35" ordinal="3" offset="48" sl="43" sc="70" el="43" ec="79" />
                <SequencePoint vc="0" uspid="36" ordinal="4" offset="52" sl="43" sc="80" el="43" ec="81" />
              </SequencePoints>
              <BranchPoints>
                <BranchPoint vc="0" uspid="37" ordinal="0" offset="22" path="0" />
                <BranchPoint vc="0" uspid="38" ordinal="1" offset="22" path="1" />
              </BranchPoints>
              <MethodPoint xsi:type="SequencePoint" vc="0" uspid="32" ordinal="0" offset="0" sl="43" sc="8" el="43" ec="9" />
            </Method>
            <Method visited="false" cyclomaticComplexity="1" sequenceCoverage="0" branchCoverage="0" isConstructor="false" isStatic="false" isGetter="true" isSetter="false">
              <MetadataToken>100663320</MetadataToken>
              <Name>System.Collections.Generic.List`1&lt;System.String&gt; LibClassicBot.ClassicBot::get_Users()</Name>
              <FileRef uid="4" />
              <SequencePoints>
                <SequencePoint vc="0" uspid="39" ordinal="0" offset="0" sl="48" sc="8" el="48" ec="9" />
                <SequencePoint vc="0" uspid="40" ordinal="1" offset="1" sl="48" sc="10" el="48" ec="24" />
                <SequencePoint vc="0" uspid="41" ordinal="2" offset="10" sl="48" sc="25" el="48" ec="26" />
              </SequencePoints>
              <BranchPoints />
              <MethodPoint xsi:type="SequencePoint" vc="0" uspid="39" ordinal="0" offset="0" sl="48" sc="8" el="48" ec="9" />
            </Method>
            <Method visited="false" cyclomaticComplexity="1" sequenceCoverage="0" branchCoverage="0" isConstructor="false" isStatic="false" isGetter="false" isSetter="true">
              <MetadataToken>100663321</MetadataToken>
              <Name>System.Void LibClassicBot.ClassicBot::set_Users(System.Collections.Generic.List`1&lt;System.String&gt;)</Name>
              <FileRef uid="4" />
              <SequencePoints>
                <SequencePoint vc="0" uspid="42" ordinal="0" offset="0" sl="49" sc="8" el="49" ec="9" />
                <SequencePoint vc="0" uspid="43" ordinal="1" offset="1" sl="49" sc="10" el="49" ec="25" />
                <SequencePoint vc="0" uspid="44" ordinal="2" offset="8" sl="49" sc="26" el="49" ec="27" />
              </SequencePoints>
              <BranchPoints />
              <MethodPoint xsi:type="SequencePoint" vc="0" uspid="42" ordinal="0" offset="0" sl="49" sc="8" el="49" ec="9" />
            </Method>
            <Method visited="false" cyclomaticComplexity="2" sequenceCoverage="0" branchCoverage="0" isConstructor="false" isStatic="false" isGetter="true" isSetter="false">
              <MetadataToken>100663322</MetadataToken>
              <Name>System.Net.IPAddress LibClassicBot.ClassicBot::get_ServerIP()</Name>
              <FileRef uid="4" />
              <SequencePoints>
                <SequencePoint vc="0" uspid="45" ordinal="0" offset="0" sl="54" sc="8" el="54" ec="9" />
                <SequencePoint vc="0" uspid="46" ordinal="1" offset="1" sl="54" sc="10" el="54" ec="32" />
                <SequencePoint vc="0" uspid="47" ordinal="2" offset="14" sl="54" sc="33" el="54" ec="50" />
                <SequencePoint vc="0" uspid="48" ordinal="3" offset="23" sl="54" sc="56" el="54" ec="68" />
                <SequencePoint vc="0" uspid="49" ordinal="4" offset="27" sl="54" sc="69" el="54" ec="70" />
              </SequencePoints>
              <BranchPoints>
                <BranchPoint vc="0" uspid="50" ordinal="0" offset="12" path="0" />
                <BranchPoint vc="0" uspid="51" ordinal="1" offset="12" path="1" />
              </BranchPoints>
              <MethodPoint xsi:type="SequencePoint" vc="0" uspid="45" ordinal="0" offset="0" sl="54" sc="8" el="54" ec="9" />
            </Method>
            <Method visited="false" cyclomaticComplexity="1" sequenceCoverage="0" branchCoverage="0" isConstructor="false" isStatic="false" isGetter="true" isSetter="false">
              <MetadataToken>100663323</MetadataToken>
              <Name>System.Int32 LibClassicBot.ClassicBot::get_ServerPort()</Name>
              <FileRef uid="4" />
              <SequencePoints>
                <SequencePoint vc="0" uspid="52" ordinal="0" offset="0" sl="59" sc="8" el="59" ec="9" />
                <SequencePoint vc="0" uspid="53" ordinal="1" offset="1" sl="59" sc="10" el="59" ec="29" />
                <SequencePoint vc="0" uspid="54" ordinal="2" offset="10" sl="59" sc="30" el="59" ec="31" />
              </SequencePoints>
              <BranchPoints />
              <MethodPoint xsi:type="SequencePoint" vc="0" uspid="52" ordinal="0" offset="0" sl="59" sc="8" el="59" ec="9" />
            </Method>
            <Method visited="false" cyclomaticComplexity="2" sequenceCoverage="0" branchCoverage="0" isConstructor="false" isStatic="false" isGetter="true" isSetter="false">
              <MetadataToken>100663324</MetadataToken>
              <Name>System.Net.Sockets.Socket LibClassicBot.ClassicBot::get_ServerSocket()</Name>
              <FileRef uid="4" />
              <SequencePoints>
                <SequencePoint vc="0" uspid="55" ordinal="0" offset="0" sl="64" sc="8" el="64" ec="9" />
                <SequencePoint vc="0" uspid="56" ordinal="1" offset="1" sl="64" sc="10" el="64" ec="36" />
                <SequencePoint vc="0" uspid="57" ordinal="2" offset="14" sl="64" sc="37" el="64" ec="58" />
                <SequencePoint vc="0" uspid="58" ordinal="3" offset="23" sl="64" sc="64" el="64" ec="76" />
                <SequencePoint vc="0" uspid="59" ordinal="4" offset="27" sl="64" sc="77" el="64" ec="78" />
              </SequencePoints>
              <BranchPoints>
                <BranchPoint vc="0" uspid="60" ordinal="0" offset="12" path="0" />
                <BranchPoint vc="0" uspid="61" ordinal="1" offset="12" path="1" />
              </BranchPoints>
              <MethodPoint xsi:type="SequencePoint" vc="0" uspid="55" ordinal="0" offset="0" sl="64" sc="8" el="64" ec="9" />
            </Method>
            <Method visited="false" cyclomaticComplexity="2" sequenceCoverage="0" branchCoverage="0" isConstructor="false" isStatic="false" isGetter="true" isSetter="false">
              <MetadataToken>100663325</MetadataToken>
              <Name>System.String LibClassicBot.ClassicBot::get_Username()</Name>
              <FileRef uid="4" />
              <SequencePoints>
                <SequencePoint vc="0" uspid="62" ordinal="0" offset="0" sl="69" sc="8" el="69" ec="9" />
                <SequencePoint vc="0" uspid="63" ordinal="1" offset="1" sl="69" sc="10" el="69" ec="32" />
                <SequencePoint vc="0" uspid="64" ordinal="2" offset="14" sl="69" sc="33" el="69" ec="50" />
                <SequencePoint vc="0" uspid="65" ordinal="3" offset="23" sl="69" sc="56" el="69" ec="68" />
                <SequencePoint vc="0" uspid="66" ordinal="4" offset="27" sl="69" sc="69" el="69" ec="70" />
              </SequencePoints>
              <BranchPoints>
                <BranchPoint vc="0" uspid="67" ordinal="0" offset="12" path="0" />
                <BranchPoint vc="0" uspid="68" ordinal="1" offset="12" path="1" />
              </BranchPoints>
              <MethodPoint xsi:type="SequencePoint" vc="0" uspid="62" ordinal="0" offset="0" sl="69" sc="8" el="69" ec="9" />
            </Method>
            <Method visited="false" cyclomaticComplexity="2" sequenceCoverage="0" branchCoverage="0" isConstructor="false" isStatic="false" isGetter="true" isSetter="false">
              <MetadataToken>100663326</MetadataToken>
              <Name>System.String LibClassicBot.ClassicBot::get_Password()</Name>
              <FileRef uid="4" />
              <SequencePoints>
                <SequencePoint vc="0" uspid="69" ordinal="0" offset="0" sl="74" sc="8" el="74" ec="9" />
                <SequencePoint vc="0" uspid="70" ordinal="1" offset="1" sl="74" sc="10" el="74" ec="32" />
                <SequencePoint vc="0" uspid="71" ordinal="2" offset="14" sl="74" sc="33" el="74" ec="50" />
                <SequencePoint vc="0" uspid="72" ordinal="3" offset="23" sl="74" sc="56" el="74" ec="68" />
                <SequencePoint vc="0" uspid="73" ordinal="4" offset="27" sl="74" sc="69" el="74" ec="70" />
              </SequencePoints>
              <BranchPoints>
                <BranchPoint vc="0" uspid="74" ordinal="0" offset="12" path="0" />
                <BranchPoint vc="0" uspid="75" ordinal="1" offset="12" path="1" />
              </BranchPoints>
              <MethodPoint xsi:type="SequencePoint" vc="0" uspid="69" ordinal="0" offset="0" sl="74" sc="8" el="74" ec="9" />
            </Method>
            <Method visited="false" cyclomaticComplexity="2" sequenceCoverage="0" branchCoverage="0" isConstructor="false" isStatic="false" isGetter="true" isSetter="false">
              <MetadataToken>100663327</MetadataToken>
              <Name>System.String LibClassicBot.ClassicBot::get_URL()</Name>
              <FileRef uid="4" />
              <SequencePoints>
                <SequencePoint vc="0" uspid="76" ordinal="0" offset="0" sl="79" sc="8" el="79" ec="9" />
                <SequencePoint vc="0" uspid="77" ordinal="1" offset="1" sl="79" sc="10" el="79" ec="28" />
                <SequencePoint vc="0" uspid="78" ordinal="2" offset="14" sl="79" sc="29" el="79" ec="42" />
                <SequencePoint vc="0" uspid="79" ordinal="3" offset="23" sl="79" sc="48" el="79" ec="60" />
                <SequencePoint vc="0" uspid="80" ordinal="4" offset="27" sl="79" sc="61" el="79" ec="62" />
              </SequencePoints>
              <BranchPoints>
                <BranchPoint vc="0" uspid="81" ordinal="0" offset="12" path="0" />
                <BranchPoint vc="0" uspid="82" ordinal="1" offset="12" path="1" />
              </BranchPoints>
              <MethodPoint xsi:type="SequencePoint" vc="0" uspid="76" ordinal="0" offset="0" sl="79" sc="8" el="79" ec="9" />
            </Method>
            <Method visited="false" cyclomaticComplexity="1" sequenceCoverage="0" branchCoverage="0" isConstructor="false" isStatic="false" isGetter="true" isSetter="false">
              <MetadataToken>100663328</MetadataToken>
              <Name>System.Boolean LibClassicBot.ClassicBot::get_Connected()</Name>
              <FileRef uid="4" />
              <SequencePoints>
                <SequencePoint vc="0" uspid="83" ordinal="0" offset="0" sl="84" sc="8" el="84" ec="9" />
                <SequencePoint vc="0" uspid="84" ordinal="1" offset="1" sl="84" sc="10" el="84" ec="28" />
                <SequencePoint vc="0" uspid="85" ordinal="2" offset="10" sl="84" sc="29" el="84" ec="30" />
              </SequencePoints>
              <BranchPoints />
              <MethodPoint xsi:type="SequencePoint" vc="0" uspid="83" ordinal="0" offset="0" sl="84" sc="8" el="84" ec="9" />
            </Method>
            <Method visited="false" cyclomaticComplexity="2" sequenceCoverage="0" branchCoverage="0" isConstructor="false" isStatic="false" isGetter="true" isSetter="false">
              <MetadataToken>100663329</MetadataToken>
              <Name>System.String LibClassicBot.ClassicBot::get_Mppass()</Name>
              <FileRef uid="4" />
              <SequencePoints>
                <SequencePoint vc="0" uspid="86" ordinal="0" offset="0" sl="89" sc="8" el="89" ec="9" />
                <SequencePoint vc="0" uspid="87" ordinal="1" offset="1" sl="89" sc="10" el="89" ec="27" />
                <SequencePoint vc="0" uspid="88" ordinal="2" offset="14" sl="89" sc="28" el="89" ec="40" />
                <SequencePoint vc="0" uspid="89" ordinal="3" offset="23" sl="89" sc="46" el="89" ec="58" />
                <SequencePoint vc="0" uspid="90" ordinal="4" offset="27" sl="89" sc="59" el="89" ec="60" />
              </SequencePoints>
              <BranchPoints>
                <BranchPoint vc="0" uspid="91" ordinal="0" offset="12" path="0" />
                <BranchPoint vc="0" uspid="92" ordinal="1" offset="12" path="1" />
              </BranchPoints>
              <MethodPoint xsi:type="SequencePoint" vc="0" uspid="86" ordinal="0" offset="0" sl="89" sc="8" el="89" ec="9" />
            </Method>
            <Method visited="false" cyclomaticComplexity="1" sequenceCoverage="0" branchCoverage="0" isConstructor="false" isStatic="false" isGetter="true" isSetter="false">
              <MetadataToken>100663330</MetadataToken>
              <Name>System.Int32 LibClassicBot.ClassicBot::get_MapSizeX()</Name>
              <FileRef uid="4" />
              <SequencePoints>
                <SequencePoint vc="0" uspid="93" ordinal="0" offset="0" sl="94" sc="8" el="94" ec="9" />
                <SequencePoint vc="0" uspid="94" ordinal="1" offset="1" sl="94" sc="10" el="94" ec="27" />
                <SequencePoint vc="0" uspid="95" ordinal="2" offset="10" sl="94" sc="28" el="94" ec="29" />
              </SequencePoints>
              <BranchPoints />
              <MethodPoint xsi:type="SequencePoint" vc="0" uspid="93" ordinal="0" offset="0" sl="94" sc="8" el="94" ec="9" />
            </Method>
            <Method visited="false" cyclomaticComplexity="1" sequenceCoverage="0" branchCoverage="0" isConstructor="false" isStatic="false" isGetter="true" isSetter="false">
              <MetadataToken>100663331</MetadataToken>
              <Name>System.Int32 LibClassicBot.ClassicBot::get_MapSizeY()</Name>
              <FileRef uid="4" />
              <SequencePoints>
                <SequencePoint vc="0" uspid="96" ordinal="0" offset="0" sl="99" sc="8" el="99" ec="9" />
                <SequencePoint vc="0" uspid="97" ordinal="1" offset="1" sl="99" sc="10" el="99" ec="27" />
                <SequencePoint vc="0" uspid="98" ordinal="2" offset="10" sl="99" sc="28" el="99" ec="29" />
              </SequencePoints>
              <BranchPoints />
              <MethodPoint xsi:type="SequencePoint" vc="0" uspid="96" ordinal="0" offset="0" sl="99" sc="8" el="99" ec="9" />
            </Method>
            <Method visited="false" cyclomaticComplexity="1" sequenceCoverage="0" branchCoverage="0" isConstructor="false" isStatic="false" isGetter="true" isSetter="false">
              <MetadataToken>100663332</MetadataToken>
              <Name>System.Int32 LibClassicBot.ClassicBot::get_MapSizeZ()</Name>
              <FileRef uid="4" />
              <SequencePoints>
                <SequencePoint vc="0" uspid="99" ordinal="0" offset="0" sl="104" sc="8" el="104" ec="9" />
                <SequencePoint vc="0" uspid="100" ordinal="1" offset="1" sl="104" sc="10" el="104" ec="27" />
                <SequencePoint vc="0" uspid="101" ordinal="2" offset="10" sl="104" sc="28" el="104" ec="29" />
              </SequencePoints>
              <BranchPoints />
              <MethodPoint xsi:type="SequencePoint" vc="0" uspid="99" ordinal="0" offset="0" sl="104" sc="8" el="104" ec="9" />
            </Method>
            <Method visited="false" cyclomaticComplexity="1" sequenceCoverage="0" branchCoverage="0" isConstructor="false" isStatic="false" isGetter="true" isSetter="false">
              <MetadataToken>100663333</MetadataToken>
              <Name>System.Byte LibClassicBot.ClassicBot::get_UserType()</Name>
              <FileRef uid="4" />
              <SequencePoints>
                <SequencePoint vc="0" uspid="102" ordinal="0" offset="0" sl="109" sc="8" el="109" ec="9" />
                <SequencePoint vc="0" uspid="103" ordinal="1" offset="1" sl="109" sc="10" el="109" ec="27" />
                <SequencePoint vc="0" uspid="104" ordinal="2" offset="10" sl="109" sc="28" el="109" ec="29" />
              </SequencePoints>
              <BranchPoints />
              <MethodPoint xsi:type="SequencePoint" vc="0" uspid="102" ordinal="0" offset="0" sl="109" sc="8" el="109" ec="9" />
            </Method>
            <Method visited="false" cyclomaticComplexity="2" sequenceCoverage="0" branchCoverage="0" isConstructor="false" isStatic="false" isGetter="true" isSetter="false">
              <MetadataToken>100663334</MetadataToken>
              <Name>System.Collections.Generic.Dictionary`2&lt;System.Int32,LibClassicBot.Player&gt; LibClassicBot.ClassicBot::get_Players()</Name>
              <FileRef uid="4" />
              <SequencePoints>
                <SequencePoint vc="0" uspid="105" ordinal="0" offset="0" sl="114" sc="8" el="114" ec="9" />
                <SequencePoint vc="0" uspid="106" ordinal="1" offset="1" sl="114" sc="10" el="114" ec="31" />
                <SequencePoint vc="0" uspid="107" ordinal="2" offset="14" sl="114" sc="32" el="114" ec="48" />
                <SequencePoint vc="0" uspid="108" ordinal="3" offset="23" sl="114" sc="54" el="114" ec="66" />
                <SequencePoint vc="0" uspid="109" ordinal="4" offset="27" sl="114" sc="67" el="114" ec="68" />
              </SequencePoints>
              <BranchPoints>
                <BranchPoint vc="0" uspid="110" ordinal="0" offset="12" path="0" />
                <BranchPoint vc="0" uspid="111" ordinal="1" offset="12" path="1" />
              </BranchPoints>
              <MethodPoint xsi:type="SequencePoint" vc="0" uspid="105" ordinal="0" offset="0" sl="114" sc="8" el="114" ec="9" />
            </Method>
            <Method visited="false" cyclomaticComplexity="1" sequenceCoverage="0" branchCoverage="0" isConstructor="false" isStatic="false" isGetter="true" isSetter="false">
              <MetadataToken>100663335</MetadataToken>
              <Name>System.Char LibClassicBot.ClassicBot::get_Delimiter()</Name>
              <FileRef uid="4" />
              <SequencePoints>
                <SequencePoint vc="0" uspid="112" ordinal="0" offset="0" sl="119" sc="8" el="119" ec="9" />
                <SequencePoint vc="0" uspid="113" ordinal="1" offset="1" sl="119" sc="10" el="119" ec="28" />
                <SequencePoint vc="0" uspid="114" ordinal="2" offset="10" sl="119" sc="29" el="119" ec="30" />
              </SequencePoints>
              <BranchPoints />
              <MethodPoint xsi:type="SequencePoint" vc="0" uspid="112" ordinal="0" offset="0" sl="119" sc="8" el="119" ec="9" />
            </Method>
            <Method visited="false" cyclomaticComplexity="1" sequenceCoverage="0" branchCoverage="0" isConstructor="false" isStatic="false" isGetter="false" isSetter="true">
              <MetadataToken>100663336</MetadataToken>
              <Name>System.Void LibClassicBot.ClassicBot::set_Delimiter(System.Char)</Name>
              <FileRef uid="4" />
              <SequencePoints>
                <SequencePoint vc="0" uspid="115" ordinal="0" offset="0" sl="120" sc="8" el="120" ec="9" />
                <SequencePoint vc="0" uspid="116" ordinal="1" offset="1" sl="120" sc="10" el="120" ec="29" />
                <SequencePoint vc="0" uspid="117" ordinal="2" offset="8" sl="120" sc="30" el="120" ec="31" />
              </SequencePoints>
              <BranchPoints />
              <MethodPoint xsi:type="SequencePoint" vc="0" uspid="115" ordinal="0" offset="0" sl="120" sc="8" el="120" ec="9" />
            </Method>
            <Method visited="false" cyclomaticComplexity="1" sequenceCoverage="0" branchCoverage="0" isConstructor="false" isStatic="false" isGetter="true" isSetter="false">
              <MetadataToken>100663337</MetadataToken>
              <Name>System.Boolean LibClassicBot.ClassicBot::get_ReconnectOnKick()</Name>
              <FileRef uid="4" />
              <SequencePoints>
                <SequencePoint vc="0" uspid="118" ordinal="0" offset="0" sl="125" sc="8" el="125" ec="9" />
                <SequencePoint vc="0" uspid="119" ordinal="1" offset="1" sl="125" sc="10" el="125" ec="34" />
                <SequencePoint vc="0" uspid="120" ordinal="2" offset="10" sl="125" sc="35" el="125" ec="36" />
              </SequencePoints>
              <BranchPoints />
              <MethodPoint xsi:type="SequencePoint" vc="0" uspid="118" ordinal="0" offset="0" sl="125" sc="8" el="125" ec="9" />
            </Method>
            <Method visited="false" cyclomaticComplexity="1" sequenceCoverage="0" branchCoverage="0" isConstructor="false" isStatic="false" isGetter="false" isSetter="true">
              <MetadataToken>100663338</MetadataToken>
              <Name>System.Void LibClassicBot.ClassicBot::set_ReconnectOnKick(System.Boolean)</Name>
              <FileRef uid="4" />
              <SequencePoints>
                <SequencePoint vc="0" uspid="121" ordinal="0" offset="0" sl="126" sc="8" el="126" ec="9" />
                <SequencePoint vc="0" uspid="122" ordinal="1" offset="1" sl="126" sc="10" el="126" ec="35" />
                <SequencePoint vc="0" uspid="123" ordinal="2" offset="8" sl="126" sc="36" el="126" ec="37" />
              </SequencePoints>
              <BranchPoints />
              <MethodPoint xsi:type="SequencePoint" vc="0" uspid="121" ordinal="0" offset="0" sl="126" sc="8" el="126" ec="9" />
            </Method>
            <Method visited="false" cyclomaticComplexity="1" sequenceCoverage="0" branchCoverage="0" isConstructor="false" isStatic="false" isGetter="true" isSetter="false">
              <MetadataToken>100663339</MetadataToken>
              <Name>System.Boolean LibClassicBot.ClassicBot::get_CommandsRequireOperator()</Name>
              <FileRef uid="4" />
              <SequencePoints>
                <SequencePoint vc="0" uspid="124" ordinal="0" offset="0" sl="131" sc="8" el="131" ec="9" />
                <SequencePoint vc="0" uspid="125" ordinal="1" offset="1" sl="131" sc="10" el="131" ec="29" />
                <SequencePoint vc="0" uspid="126" ordinal="2" offset="10" sl="131" sc="30" el="131" ec="31" />
              </SequencePoints>
              <BranchPoints />
              <MethodPoint xsi:type="SequencePoint" vc="0" uspid="124" ordinal="0" offset="0" sl="131" sc="8" el="131" ec="9" />
            </Method>
            <Method visited="false" cyclomaticComplexity="1" sequenceCoverage="0" branchCoverage="0" isConstructor="false" isStatic="false" isGetter="false" isSetter="true">
              <MetadataToken>100663340</MetadataToken>
              <Name>System.Void LibClassicBot.ClassicBot::set_CommandsRequireOperator(System.Boolean)</Name>
              <FileRef uid="4" />
              <SequencePoints>
                <SequencePoint vc="0" uspid="127" ordinal="0" offset="0" sl="132" sc="8" el="132" ec="9" />
                <SequencePoint vc="0" uspid="128" ordinal="1" offset="1" sl="132" sc="10" el="132" ec="30" />
                <SequencePoint vc="0" uspid="129" ordinal="2" offset="8" sl="132" sc="31" el="132" ec="32" />
              </SequencePoints>
              <BranchPoints />
              <MethodPoint xsi:type="SequencePoint" vc="0" uspid="127" ordinal="0" offset="0" sl="132" sc="8" el="132" ec="9" />
            </Method>
            <Method visited="false" cyclomaticComplexity="1" sequenceCoverage="0" branchCoverage="0" isConstructor="false" isStatic="false" isGetter="true" isSetter="false">
              <MetadataToken>100663341</MetadataToken>
              <Name>System.Collections.Generic.List`1&lt;System.String&gt; LibClassicBot.ClassicBot::get_IgnoredUserList()</Name>
              <FileRef uid="4" />
              <SequencePoints>
                <SequencePoint vc="0" uspid="130" ordinal="0" offset="0" sl="137" sc="8" el="137" ec="9" />
                <SequencePoint vc="0" uspid="131" ordinal="1" offset="1" sl="137" sc="10" el="137" ec="26" />
                <SequencePoint vc="0" uspid="132" ordinal="2" offset="10" sl="137" sc="27" el="137" ec="28" />
              </SequencePoints>
              <BranchPoints />
              <MethodPoint xsi:type="SequencePoint" vc="0" uspid="130" ordinal="0" offset="0" sl="137" sc="8" el="137" ec="9" />
            </Method>
            <Method visited="false" cyclomaticComplexity="1" sequenceCoverage="0" branchCoverage="0" isConstructor="false" isStatic="false" isGetter="false" isSetter="true">
              <MetadataToken>100663342</MetadataToken>
              <Name>System.Void LibClassicBot.ClassicBot::set_IgnoredUserList(System.Collections.Generic.List`1&lt;System.String&gt;)</Name>
              <FileRef uid="4" />
              <SequencePoints>
                <SequencePoint vc="0" uspid="133" ordinal="0" offset="0" sl="138" sc="8" el="138" ec="9" />
                <SequencePoint vc="0" uspid="134" ordinal="1" offset="1" sl="138" sc="10" el="138" ec="27" />
                <SequencePoint vc="0" uspid="135" ordinal="2" offset="8" sl="138" sc="28" el="138" ec="29" />
              </SequencePoints>
              <BranchPoints />
              <MethodPoint xsi:type="SequencePoint" vc="0" uspid="133" ordinal="0" offset="0" sl="138" sc="8" el="138" ec="9" />
            </Method>
            <Method visited="false" cyclomaticComplexity="1" sequenceCoverage="0" branchCoverage="0" isConstructor="false" isStatic="false" isGetter="true" isSetter="false">
              <MetadataToken>100663343</MetadataToken>
              <Name>LibClassicBot.Remote.Events.RemoteEvents LibClassicBot.ClassicBot::get_RemoteServerEvents()</Name>
              <FileRef uid="4" />
              <SequencePoints>
                <SequencePoint vc="0" uspid="136" ordinal="0" offset="0" sl="145" sc="8" el="145" ec="9" />
                <SequencePoint vc="0" uspid="137" ordinal="1" offset="1" sl="145" sc="10" el="145" ec="40" />
                <SequencePoint vc="0" uspid="138" ordinal="2" offset="15" sl="145" sc="41" el="145" ec="42" />
              </SequencePoints>
              <BranchPoints />
              <MethodPoint xsi:type="SequencePoint" vc="0" uspid="136" ordinal="0" offset="0" sl="145" sc="8" el="145" ec="9" />
            </Method>
            <Method visited="false" cyclomaticComplexity="1" sequenceCoverage="0" branchCoverage="0" isConstructor="false" isStatic="false" isGetter="true" isSetter="false">
              <MetadataToken>100663344</MetadataToken>
              <Name>System.Diagnostics.Process LibClassicBot.ClassicBot::get_BotProcess()</Name>
              <FileRef uid="4" />
              <SequencePoints>
                <SequencePoint vc="0" uspid="139" ordinal="0" offset="0" sl="150" sc="8" el="150" ec="9" />
                <SequencePoint vc="0" uspid="140" ordinal="1" offset="1" sl="150" sc="10" el="150" ec="45" />
                <SequencePoint vc="0" uspid="141" ordinal="2" offset="9" sl="150" sc="46" el="150" ec="47" />
              </SequencePoints>
              <BranchPoints />
              <MethodPoint xsi:type="SequencePoint" vc="0" uspid="139" ordinal="0" offset="0" sl="150" sc="8" el="150" ec="9" />
            </Method>
            <Method visited="false" cyclomaticComplexity="1" sequenceCoverage="0" branchCoverage="0" isConstructor="false" isStatic="false" isGetter="true" isSetter="false">
              <MetadataToken>100663345</MetadataToken>
              <Name>System.Double LibClassicBot.ClassicBot::get_CpuUsage()</Name>
              <FileRef uid="4" />
              <SequencePoints>
                <SequencePoint vc="0" uspid="142" ordinal="0" offset="0" sl="155" sc="8" el="155" ec="9" />
                <SequencePoint vc="0" uspid="143" ordinal="1" offset="1" sl="155" sc="10" el="155" ec="28" />
                <SequencePoint vc="0" uspid="144" ordinal="2" offset="12" sl="156" sc="5" el="156" ec="35" />
                <SequencePoint vc="0" uspid="145" ordinal="3" offset="27" sl="156" sc="36" el="156" ec="37" />
              </SequencePoints>
              <BranchPoints />
              <MethodPoint xsi:type="SequencePoint" vc="0" uspid="142" ordinal="0" offset="0" sl="155" sc="8" el="155" ec="9" />
            </Method>
            <Method visited="false" cyclomaticComplexity="1" sequenceCoverage="0" branchCoverage="0" isConstructor="false" isStatic="false" isGetter="true" isSetter="false">
              <MetadataToken>100663346</MetadataToken>
              <Name>System.Double LibClassicBot.ClassicBot::get_RamUsage()</Name>
              <FileRef uid="4" />
              <SequencePoints>
                <SequencePoint vc="0" uspid="146" ordinal="0" offset="0" sl="161" sc="8" el="161" ec="9" />
                <SequencePoint vc="0" uspid="147" ordinal="1" offset="1" sl="161" sc="10" el="161" ec="28" />
                <SequencePoint vc="0" uspid="148" ordinal="2" offset="12" sl="162" sc="5" el="162" ec="49" />
                <SequencePoint vc="0" uspid="149" ordinal="3" offset="39" sl="162" sc="50" el="162" ec="51" />
              </SequencePoints>
              <BranchPoints />
              <MethodPoint xsi:type="SequencePoint" vc="0" uspid="146" ordinal="0" offset="0" sl="161" sc="8" el="161" ec="9" />
            </Method>
            <Method visited="false" cyclomaticComplexity="1" sequenceCoverage="0" branchCoverage="0" isConstructor="false" isStatic="false" isGetter="true" isSetter="false">
              <MetadataToken>100663347</MetadataToken>
              <Name>System.Boolean LibClassicBot.ClassicBot::get_LoadInternalSettings()</Name>
              <FileRef uid="4" />
              <SequencePoints>
                <SequencePoint vc="0" uspid="150" ordinal="0" offset="0" sl="170" sc="8" el="170" ec="9" />
                <SequencePoint vc="0" uspid="151" ordinal="1" offset="1" sl="170" sc="10" el="170" ec="31" />
                <SequencePoint vc="0" uspid="152" ordinal="2" offset="10" sl="170" sc="32" el="170" ec="33" />
              </SequencePoints>
              <BranchPoints />
              <MethodPoint xsi:type="SequencePoint" vc="0" uspid="150" ordinal="0" offset="0" sl="170" sc="8" el="170" ec="9" />
            </Method>
            <Method visited="false" cyclomaticComplexity="1" sequenceCoverage="0" branchCoverage="0" isConstructor="false" isStatic="false" isGetter="false" isSetter="true">
              <MetadataToken>100663348</MetadataToken>
              <Name>System.Void LibClassicBot.ClassicBot::set_LoadInternalSettings(System.Boolean)</Name>
              <FileRef uid="4" />
              <SequencePoints>
                <SequencePoint vc="0" uspid="153" ordinal="0" offset="0" sl="171" sc="8" el="171" ec="9" />
                <SequencePoint vc="0" uspid="154" ordinal="1" offset="1" sl="171" sc="9" el="171" ec="31" />
                <SequencePoint vc="0" uspid="155" ordinal="2" offset="8" sl="171" sc="32" el="171" ec="33" />
              </SequencePoints>
              <BranchPoints />
              <MethodPoint xsi:type="SequencePoint" vc="0" uspid="153" ordinal="0" offset="0" sl="171" sc="8" el="171" ec="9" />
            </Method>
            <Method visited="false" cyclomaticComplexity="2" sequenceCoverage="0" branchCoverage="0" isConstructor="false" isStatic="false" isGetter="true" isSetter="false">
              <MetadataToken>100663349</MetadataToken>
              <Name>System.String LibClassicBot.ClassicBot::get_ServerName()</Name>
              <FileRef uid="4" />
              <SequencePoints>
                <SequencePoint vc="0" uspid="156" ordinal="0" offset="0" sl="180" sc="8" el="180" ec="9" />
                <SequencePoint vc="0" uspid="157" ordinal="1" offset="1" sl="180" sc="11" el="180" ec="35" />
                <SequencePoint vc="0" uspid="158" ordinal="2" offset="14" sl="180" sc="36" el="180" ec="55" />
                <SequencePoint vc="0" uspid="159" ordinal="3" offset="23" sl="180" sc="61" el="180" ec="73" />
                <SequencePoint vc="0" uspid="160" ordinal="4" offset="27" sl="180" sc="74" el="180" ec="75" />
              </SequencePoints>
              <BranchPoints>
                <BranchPoint vc="0" uspid="161" ordinal="0" offset="12" path="0" />
                <BranchPoint vc="0" uspid="162" ordinal="1" offset="12" path="1" />
              </BranchPoints>
              <MethodPoint xsi:type="SequencePoint" vc="0" uspid="156" ordinal="0" offset="0" sl="180" sc="8" el="180" ec="9" />
            </Method>
            <Method visited="false" cyclomaticComplexity="2" sequenceCoverage="0" branchCoverage="0" isConstructor="false" isStatic="false" isGetter="true" isSetter="false">
              <MetadataToken>100663350</MetadataToken>
              <Name>System.String LibClassicBot.ClassicBot::get_ServerMOTD()</Name>
              <FileRef uid="4" />
              <SequencePoints>
                <SequencePoint vc="0" uspid="163" ordinal="0" offset="0" sl="185" sc="8" el="185" ec="9" />
                <SequencePoint vc="0" uspid="164" ordinal="1" offset="1" sl="185" sc="11" el="185" ec="35" />
                <SequencePoint vc="0" uspid="165" ordinal="2" offset="14" sl="185" sc="36" el="185" ec="55" />
                <SequencePoint vc="0" uspid="166" ordinal="3" offset="23" sl="185" sc="61" el="185" ec="73" />
                <SequencePoint vc="0" uspid="167" ordinal="4" offset="27" sl="185" sc="74" el="185" ec="75" />
              </SequencePoints>
              <BranchPoints>
                <BranchPoint vc="0" uspid="168" ordinal="0" offset="12" path="0" />
                <BranchPoint vc="0" uspid="169" ordinal="1" offset="12" path="1" />
              </BranchPoints>
              <MethodPoint xsi:type="SequencePoint" vc="0" uspid="163" ordinal="0" offset="0" sl="185" sc="8" el="185" ec="9" />
            </Method>
            <Method visited="false" cyclomaticComplexity="1" sequenceCoverage="0" branchCoverage="0" isConstructor="false" isStatic="false" isGetter="true" isSetter="false">
              <MetadataToken>100663351</MetadataToken>
              <Name>System.Boolean LibClassicBot.ClassicBot::get_IsCuboiding()</Name>
              <FileRef uid="4" />
              <SequencePoints>
                <SequencePoint vc="0" uspid="170" ordinal="0" offset="0" sl="190" sc="8" el="190" ec="9" />
                <SequencePoint vc="0" uspid="171" ordinal="1" offset="1" sl="190" sc="10" el="190" ec="30" />
                <SequencePoint vc="0" uspid="172" ordinal="2" offset="10" sl="190" sc="31" el="190" ec="32" />
              </SequencePoints>
              <BranchPoints />
              <MethodPoint xsi:type="SequencePoint" vc="0" uspid="170" ordinal="0" offset="0" sl="190" sc="8" el="190" ec="9" />
            </Method>
            <Method visited="false" cyclomaticComplexity="1" sequenceCoverage="0" branchCoverage="0" isConstructor="false" isStatic="false" isGetter="true" isSetter="false">
              <MetadataToken>100663352</MetadataToken>
              <Name>System.Int32 LibClassicBot.ClassicBot::get_CuboidSleepTime()</Name>
              <FileRef uid="4" />
              <SequencePoints>
                <SequencePoint vc="0" uspid="173" ordinal="0" offset="0" sl="196" sc="8" el="196" ec="9" />
                <SequencePoint vc="0" uspid="174" ordinal="1" offset="1" sl="196" sc="10" el="196" ec="27" />
                <SequencePoint vc="0" uspid="175" ordinal="2" offset="10" sl="196" sc="28" el="196" ec="29" />
              </SequencePoints>
              <BranchPoints />
              <MethodPoint xsi:type="SequencePoint" vc="0" uspid="173" ordinal="0" offset="0" sl="196" sc="8" el="196" ec="9" />
            </Method>
            <Method visited="false" cyclomaticComplexity="1" sequenceCoverage="0" branchCoverage="0" isConstructor="false" isStatic="false" isGetter="false" isSetter="true">
              <MetadataToken>100663353</MetadataToken>
              <Name>System.Void LibClassicBot.ClassicBot::set_CuboidSleepTime(System.Int32)</Name>
              <FileRef uid="4" />
              <SequencePoints>
                <SequencePoint vc="0" uspid="176" ordinal="0" offset="0" sl="197" sc="8" el="197" ec="9" />
                <SequencePoint vc="0" uspid="177" ordinal="1" offset="1" sl="197" sc="10" el="197" ec="28" />
                <SequencePoint vc="0" uspid="178" ordinal="2" offset="8" sl="197" sc="29" el="197" ec="30" />
              </SequencePoints>
              <BranchPoints />
              <MethodPoint xsi:type="SequencePoint" vc="0" uspid="176" ordinal="0" offset="0" sl="197" sc="8" el="197" ec="9" />
            </Method>
            <Method visited="false" cyclomaticComplexity="2" sequenceCoverage="0" branchCoverage="0" isConstructor="false" isStatic="false" isGetter="false" isSetter="false">
              <MetadataToken>100663297</MetadataToken>
              <Name>System.Void LibClassicBot.ClassicBot::ProcessCommandQueue()</Name>
              <FileRef uid="1" />
              <SequencePoints>
                <SequencePoint vc="0" uspid="179" ordinal="0" offset="0" sl="51" sc="3" el="51" ec="4" />
                <SequencePoint vc="0" uspid="180" ordinal="1" offset="1" sl="52" sc="4" el="52" ec="16" />
                <SequencePoint vc="0" uspid="181" ordinal="2" offset="11" sl="52" sc="17" el="52" ec="24" />
                <SequencePoint vc="0" uspid="182" ordinal="3" offset="13" sl="53" sc="4" el="53" ec="28" />
                <SequencePoint vc="0" uspid="183" ordinal="4" offset="25" sl="54" sc="3" el="54" ec="4" />
              </SequencePoints>
              <BranchPoints>
                <BranchPoint vc="0" uspid="184" ordinal="0" offset="9" path="0" />
                <BranchPoint vc="0" uspid="185" ordinal="1" offset="9" path="1" />
              </BranchPoints>
              <MethodPoint xsi:type="SequencePoint" vc="0" uspid="179" ordinal="0" offset="0" sl="51" sc="3" el="51" ec="4" />
            </Method>
            <Method visited="false" cyclomaticComplexity="2" sequenceCoverage="0" branchCoverage="0" isConstructor="false" isStatic="false" isGetter="false" isSetter="false">
              <MetadataToken>100663298</MetadataToken>
              <Name>System.Void LibClassicBot.ClassicBot::EnqueueCommand(LibClassicBot.ClassicBot/CommandDelegate,System.String)</Name>
              <FileRef uid="1" />
              <SequencePoints>
                <SequencePoint vc="0" uspid="186" ordinal="0" offset="0" sl="62" sc="3" el="62" ec="4" />
                <SequencePoint vc="0" uspid="187" ordinal="1" offset="1" sl="63" sc="4" el="63" ec="21" />
                <SequencePoint vc="0" uspid="188" ordinal="2" offset="11" sl="63" sc="22" el="63" ec="29" />
                <SequencePoint vc="0" uspid="189" ordinal="3" offset="13" sl="64" sc="4" el="64" ec="60" />
                <SequencePoint vc="0" uspid="190" ordinal="4" offset="32" sl="65" sc="3" el="65" ec="4" />
              </SequencePoints>
              <BranchPoints>
                <BranchPoint vc="0" uspid="191" ordinal="0" offset="9" path="0" />
                <BranchPoint vc="0" uspid="192" ordinal="1" offset="9" path="1" />
              </BranchPoints>
              <MethodPoint xsi:type="SequencePoint" vc="0" uspid="186" ordinal="0" offset="0" sl="62" sc="3" el="62" ec="4" />
            </Method>
            <Method visited="false" cyclomaticComplexity="1" sequenceCoverage="0" branchCoverage="0" isConstructor="false" isStatic="false" isGetter="false" isSetter="false">
              <MetadataToken>100663299</MetadataToken>
              <Name>System.Void LibClassicBot.ClassicBot::StartCommandsThread()</Name>
              <FileRef uid="1" />
              <SequencePoints>
                <SequencePoint vc="0" uspid="193" ordinal="0" offset="0" sl="69" sc="3" el="69" ec="4" />
                <SequencePoint vc="0" uspid="194" ordinal="1" offset="1" sl="70" sc="4" el="70" ec="24" />
                <SequencePoint vc="0" uspid="195" ordinal="2" offset="8" sl="71" sc="4" el="71" ec="59" />
                <SequencePoint vc="0" uspid="196" ordinal="3" offset="26" sl="72" sc="4" el="72" ec="39" />
                <SequencePoint vc="0" uspid="197" ordinal="4" offset="34" sl="73" sc="4" el="73" ec="42" />
                <SequencePoint vc="0" uspid="198" ordinal="5" offset="46" sl="74" sc="4" el="74" ec="27" />
                <SequencePoint vc="0" uspid="199" ordinal="6" offset="53" sl="75" sc="3" el="75" ec="4" />
              </SequencePoints>
              <BranchPoints />
              <MethodPoint xsi:type="SequencePoint" vc="0" uspid="193" ordinal="0" offset="0" sl="69" sc="3" el="69" ec="4" />
            </Method>
            <Method visited="false" cyclomaticComplexity="3" sequenceCoverage="0" branchCoverage="0" isConstructor="false" isStatic="false" isGetter="false" isSetter="false">
              <MetadataToken>100663300</MetadataToken>
              <Name>System.Void LibClassicBot.ClassicBot::CommandQueueThread()</Name>
              <FileRef uid="1" />
              <SequencePoints>
                <SequencePoint vc="0" uspid="200" ordinal="0" offset="0" sl="82" sc="3" el="82" ec="4" />
                <SequencePoint vc="0" uspid="201" ordinal="1" offset="6" sl="84" sc="4" el="84" ec="5" />
                <SequencePoint vc="0" uspid="202" ordinal="2" offset="7" sl="85" sc="5" el="85" ec="31" />
                <SequencePoint vc="0" uspid="203" ordinal="3" offset="19" sl="86" sc="5" el="86" ec="42" />
                <SequencePoint vc="0" uspid="204" ordinal="4" offset="38" sl="88" sc="5" el="88" ec="6" />
                <SequencePoint vc="0" uspid="205" ordinal="5" offset="39" sl="89" sc="6" el="89" ec="58" />
                <SequencePoint vc="0" uspid="206" ordinal="6" offset="51" sl="90" sc="10" el="90" ec="11" />
                <SequencePoint vc="0" uspid="207" ordinal="7" offset="52" sl="90" sc="12" el="90" ec="55" />
                <SequencePoint vc="0" uspid="208" ordinal="8" offset="70" sl="90" sc="56" el="90" ec="57" />
                <SequencePoint vc="0" uspid="209" ordinal="9" offset="73" sl="91" sc="6" el="91" ec="25" />
                <SequencePoint vc="0" uspid="210" ordinal="10" offset="74" sl="92" sc="6" el="92" ec="7" />
                <SequencePoint vc="0" uspid="211" ordinal="11" offset="75" sl="93" sc="7" el="93" ec="48" />
                <SequencePoint vc="0" uspid="212" ordinal="12" offset="86" sl="94" sc="7" el="94" ec="104" />
                <SequencePoint vc="0" uspid="213" ordinal="13" offset="118" sl="95" sc="7" el="95" ec="103" />
                <SequencePoint vc="0" uspid="214" ordinal="14" offset="150" sl="96" sc="7" el="96" ec="101" />
                <SequencePoint vc="0" uspid="215" ordinal="15" offset="182" sl="97" sc="7" el="97" ec="49" />
                <SequencePoint vc="0" uspid="216" ordinal="16" offset="194" sl="97" sc="50" el="97" ec="56" />
                <SequencePoint vc="0" uspid="217" ordinal="17" offset="196" sl="98" sc="6" el="98" ec="7" />
                <SequencePoint vc="0" uspid="218" ordinal="18" offset="200" sl="99" sc="5" el="99" ec="6" />
                <SequencePoint vc="0" uspid="219" ordinal="19" offset="201" sl="87" sc="5" el="87" ec="36" />
                <SequencePoint vc="0" uspid="220" ordinal="20" offset="225" sl="100" sc="5" el="100" ec="21" />
                <SequencePoint vc="0" uspid="221" ordinal="21" offset="232" sl="101" sc="4" el="101" ec="5" />
                <SequencePoint vc="0" uspid="222" ordinal="22" offset="233" sl="83" sc="4" el="83" ec="16" />
              </SequencePoints>
              <BranchPoints>
                <BranchPoint vc="0" uspid="223" ordinal="0" offset="192" path="0" />
                <BranchPoint vc="0" uspid="224" ordinal="1" offset="192" path="1" />
                <BranchPoint vc="0" uspid="225" ordinal="2" offset="220" path="0" />
                <BranchPoint vc="0" uspid="226" ordinal="3" offset="220" path="1" />
              </BranchPoints>
              <MethodPoint xsi:type="SequencePoint" vc="0" uspid="200" ordinal="0" offset="0" sl="82" sc="3" el="82" ec="4" />
            </Method>
            <Method visited="false" cyclomaticComplexity="3" sequenceCoverage="0" branchCoverage="0" isConstructor="false" isStatic="false" isGetter="false" isSetter="false">
              <MetadataToken>100663301</MetadataToken>
              <Name>System.Void LibClassicBot.ClassicBot::SetDrawer(System.String,LibClassicBot.Drawing.IDrawer,System.Byte)</Name>
              <FileRef uid="2" />
              <SequencePoints>
                <SequencePoint vc="0" uspid="227" ordinal="0" offset="0" sl="36" sc="3" el="36" ec="4" />
                <SequencePoint vc="0" uspid="228" ordinal="1" offset="1" sl="37" sc="4" el="37" ec="28" />
                <SequencePoint vc="0" uspid="229" ordinal="2" offset="14" sl="38" sc="4" el="38" ec="5" />
                <SequencePoint vc="0" uspid="230" ordinal="3" offset="15" sl="39" sc="5" el="39" ec="27" />
                <SequencePoint vc="0" uspid="231" ordinal="4" offset="22" sl="40" sc="5" el="40" ec="25" />
                <SequencePoint vc="0" uspid="232" ordinal="5" offset="29" sl="41" sc="4" el="41" ec="5" />
                <SequencePoint vc="0" uspid="233" ordinal="6" offset="30" sl="42" sc="4" el="42" ec="38" />
                <SequencePoint vc="0" uspid="234" ordinal="7" offset="44" sl="43" sc="4" el="43" ec="25" />
                <SequencePoint vc="0" uspid="235" ordinal="8" offset="61" sl="44" sc="4" el="44" ec="5" />
                <SequencePoint vc="0" uspid="236" ordinal="9" offset="62" sl="45" sc="5" el="45" ec="27" />
                <SequencePoint vc="0" uspid="237" ordinal="10" offset="69" sl="46" sc="5" el="46" ec="31" />
                <SequencePoint vc="0" uspid="238" ordinal="11" offset="76" sl="47" sc="5" el="47" ec="41" />
                <SequencePoint vc="0" uspid="239" ordinal="12" offset="88" sl="48" sc="4" el="48" ec="5" />
                <SequencePoint vc="0" uspid="240" ordinal="13" offset="89" sl="49" sc="3" el="49" ec="4" />
              </SequencePoints>
              <BranchPoints>
                <BranchPoint vc="0" uspid="241" ordinal="0" offset="12" path="0" />
                <BranchPoint vc="0" uspid="242" ordinal="1" offset="12" path="1" />
                <BranchPoint vc="0" uspid="243" ordinal="2" offset="59" path="0" />
                <BranchPoint vc="0" uspid="244" ordinal="3" offset="59" path="1" />
              </BranchPoints>
              <MethodPoint xsi:type="SequencePoint" vc="0" uspid="227" ordinal="0" offset="0" sl="36" sc="3" el="36" ec="4" />
            </Method>
            <Method visited="false" cyclomaticComplexity="1" sequenceCoverage="0" branchCoverage="0" isConstructor="false" isStatic="false" isGetter="false" isSetter="false">
              <MetadataToken>100663302</MetadataToken>
              <Name>System.Void LibClassicBot.ClassicBot::SetDrawerToNull()</Name>
              <FileRef uid="2" />
              <SequencePoints>
                <SequencePoint vc="0" uspid="245" ordinal="0" offset="0" sl="55" sc="3" el="55" ec="4" />
                <SequencePoint vc="0" uspid="246" ordinal="1" offset="1" sl="56" sc="4" el="56" ec="24" />
                <SequencePoint vc="0" uspid="247" ordinal="2" offset="8" sl="57" sc="3" el="57" ec="4" />
              </SequencePoints>
              <BranchPoints />
              <MethodPoint xsi:type="SequencePoint" vc="0" uspid="245" ordinal="0" offset="0" sl="55" sc="3" el="55" ec="4" />
            </Method>
            <Method visited="false" cyclomaticComplexity="1" sequenceCoverage="0" branchCoverage="0" isConstructor="false" isStatic="false" isGetter="false" isSetter="false">
              <MetadataToken>100663303</MetadataToken>
              <Name>System.Void LibClassicBot.ClassicBot::Draw(LibClassicBot.Drawing.IDrawer,LibClassicBot.Drawing.Vector3I[],System.Byte)</Name>
              <FileRef uid="2" />
              <SequencePoints>
                <SequencePoint vc="0" uspid="248" ordinal="0" offset="34" sl="65" sc="3" el="65" ec="4" />
                <SequencePoint vc="0" uspid="249" ordinal="1" offset="35" sl="66" sc="4" el="66" ec="27" />
                <SequencePoint vc="0" uspid="250" ordinal="2" offset="42" sl="67" sc="4" el="70" ec="38" />
                <SequencePoint vc="0" uspid="251" ordinal="3" offset="60" sl="71" sc="4" el="71" ec="35" />
                <SequencePoint vc="0" uspid="252" ordinal="4" offset="68" sl="72" sc="4" el="72" ec="23" />
                <SequencePoint vc="0" uspid="253" ordinal="5" offset="75" sl="73" sc="3" el="73" ec="4" />
              </SequencePoints>
              <BranchPoints />
              <MethodPoint vc="0" uspid="254" ordinal="0" offset="0" />
            </Method>
            <Method visited="false" cyclomaticComplexity="1" sequenceCoverage="0" branchCoverage="0" isConstructor="false" isStatic="false" isGetter="false" isSetter="false">
              <MetadataToken>100663305</MetadataToken>
              <Name>System.Void LibClassicBot.ClassicBot::CancelDrawer()</Name>
              <FileRef uid="2" />
              <SequencePoints>
                <SequencePoint vc="0" uspid="255" ordinal="0" offset="0" sl="88" sc="30" el="88" ec="31" />
                <SequencePoint vc="0" uspid="256" ordinal="1" offset="1" sl="89" sc="4" el="89" ec="26" />
                <SequencePoint vc="0" uspid="257" ordinal="2" offset="8" sl="90" sc="3" el="90" ec="4" />
              </SequencePoints>
              <BranchPoints />
              <MethodPoint xsi:type="SequencePoint" vc="0" uspid="255" ordinal="0" offset="0" sl="88" sc="30" el="88" ec="31" />
            </Method>
            <Method visited="false" cyclomaticComplexity="68" sequenceCoverage="0" branchCoverage="0" isConstructor="false" isStatic="false" isGetter="false" isSetter="false">
              <MetadataToken>100663306</MetadataToken>
              <Name>System.Void LibClassicBot.ClassicBot::GetFromLine(System.String)</Name>
              <FileRef uid="2" />
              <SequencePoints>
                <SequencePoint vc="0" uspid="258" ordinal="0" offset="0" sl="97" sc="3" el="97" ec="4" />
                <SequencePoint vc="0" uspid="259" ordinal="1" offset="1" sl="98" sc="4" el="98" ec="40" />
                <SequencePoint vc="0" uspid="260" ordinal="2" offset="21" sl="100" sc="4" el="100" ec="5" />
                <SequencePoint vc="0" uspid="261" ordinal="3" offset="22" sl="101" sc="5" el="101" ec="48" />
                <SequencePoint vc="0" uspid="262" ordinal="4" offset="43" sl="101" sc="49" el="101" ec="56" />
                <SequencePoint vc="0" uspid="263" ordinal="5" offset="48" sl="102" sc="5" el="102" ec="32" />
                <SequencePoint vc="0" uspid="264" ordinal="6" offset="1166" sl="104" sc="19" el="104" ec="34" />
                <SequencePoint vc="0" uspid="265" ordinal="7" offset="1173" sl="104" sc="35" el="104" ec="42" />
                <SequencePoint vc="0" uspid="266" ordinal="8" offset="1178" sl="105" sc="21" el="105" ec="36" />
                <SequencePoint vc="0" uspid="267" ordinal="9" offset="1185" sl="105" sc="37" el="105" ec="44" />
                <SequencePoint vc="0" uspid="268" ordinal="10" offset="1190" sl="106" sc="21" el="106" ec="36" />
                <SequencePoint vc="0" uspid="269" ordinal="11" offset="1197" sl="106" sc="37" el="106" ec="44" />
                <SequencePoint vc="0" uspid="270" ordinal="12" offset="1202" sl="107" sc="20" el="107" ec="35" />
                <SequencePoint vc="0" uspid="271" ordinal="13" offset="1209" sl="107" sc="36" el="107" ec="43" />
                <SequencePoint vc="0" uspid="272" ordinal="14" offset="1214" sl="108" sc="22" el="108" ec="37" />
                <SequencePoint vc="0" uspid="273" ordinal="15" offset="1221" sl="108" sc="38" el="108" ec="45" />
                <SequencePoint vc="0" uspid="274" ordinal="16" offset="1226" sl="109" sc="27" el="109" ec="42" />
                <SequencePoint vc="0" uspid="275" ordinal="17" offset="1233" sl="109" sc="43" el="109" ec="50" />
                <SequencePoint vc="0" uspid="276" ordinal="18" offset="1238" sl="110" sc="27" el="110" ec="42" />
                <SequencePoint vc="0" uspid="277" ordinal="19" offset="1245" sl="110" sc="43" el="110" ec="50" />
                <SequencePoint vc="0" uspid="278" ordinal="20" offset="1250" sl="111" sc="21" el="111" ec="36" />
                <SequencePoint vc="0" uspid="279" ordinal="21" offset="1257" sl="111" sc="37" el="111" ec="44" />
                <SequencePoint vc="0" uspid="280" ordinal="22" offset="1262" sl="112" sc="22" el="112" ec="37" />
                <SequencePoint vc="0" uspid="281" ordinal="23" offset="1269" sl="112" sc="38" el="112" ec="45" />
                <SequencePoint vc="0" uspid="282" ordinal="24" offset="1274" sl="113" sc="21" el="113" ec="36" />
                <SequencePoint vc="0" uspid="283" ordinal="25" offset="1281" sl="113" sc="37" el="113" ec="44" />
                <SequencePoint vc="0" uspid="284" ordinal="26" offset="1286" sl="114" sc="23" el="114" ec="38" />
                <SequencePoint vc="0" uspid="285" ordinal="27" offset="1293" sl="114" sc="39" el="114" ec="46" />
                <SequencePoint vc="0" uspid="286" ordinal="28" offset="1298" sl="115" sc="23" el="115" ec="38" />
                <SequencePoint vc="0" uspid="287" ordinal="29" offset="1305" sl="115" sc="39" el="115" ec="46" />
                <SequencePoint vc="0" uspid="288" ordinal="30" offset="1310" sl="116" sc="21" el="116" ec="36" />
                <SequencePoint vc="0" uspid="289" ordinal="31" offset="1318" sl="116" sc="37" el="116" ec="44" />
                <SequencePoint vc="0" uspid="290" ordinal="32" offset="1323" sl="117" sc="20" el="117" ec="36" />
                <SequencePoint vc="0" uspid="291" ordinal="33" offset="1331" sl="117" sc="37" el="117" ec="44" />
                <SequencePoint vc="0" uspid="292" ordinal="34" offset="1336" sl="118" sc="20" el="118" ec="36" />
                <SequencePoint vc="0" uspid="293" ordinal="35" offset="1344" sl="118" sc="37" el="118" ec="44" />
                <SequencePoint vc="0" uspid="294" ordinal="36" offset="1349" sl="119" sc="22" el="119" ec="38" />
                <SequencePoint vc="0" uspid="295" ordinal="37" offset="1357" sl="119" sc="39" el="119" ec="46" />
                <SequencePoint vc="0" uspid="296" ordinal="38" offset="1362" sl="120" sc="23" el="120" ec="39" />
                <SequencePoint vc="0" uspid="297" ordinal="39" offset="1370" sl="120" sc="40" el="120" ec="47" />
                <SequencePoint vc="0" uspid="298" ordinal="40" offset="1375" sl="121" sc="23" el="121" ec="39" />
                <SequencePoint vc="0" uspid="299" ordinal="41" offset="1383" sl="121" sc="40" el="121" ec="47" />
                <SequencePoint vc="0" uspid="300" ordinal="42" offset="1388" sl="122" sc="23" el="122" ec="39" />
                <SequencePoint vc="0" uspid="301" ordinal="43" offset="1396" sl="122" sc="40" el="122" ec="47" />
                <SequencePoint vc="0" uspid="302" ordinal="44" offset="1401" sl="123" sc="20" el="123" ec="36" />
                <SequencePoint vc="0" uspid="303" ordinal="45" offset="1409" sl="123" sc="37" el="123" ec="44" />
                <SequencePoint vc="0" uspid="304" ordinal="46" offset="1414" sl="124" sc="19" el="124" ec="35" />
                <SequencePoint vc="0" uspid="305" ordinal="47" offset="1422" sl="124" sc="36" el="124" ec="43" />
                <SequencePoint vc="0" uspid="306" ordinal="48" offset="1427" sl="125" sc="20" el="125" ec="36" />
                <SequencePoint vc="0" uspid="307" ordinal="49" offset="1435" sl="125" sc="37" el="125" ec="44" />
                <SequencePoint vc="0" uspid="308" ordinal="50" offset="1440" sl="126" sc="22" el="126" ec="38" />
                <SequencePoint vc="0" uspid="309" ordinal="51" offset="1448" sl="126" sc="39" el="126" ec="46" />
                <SequencePoint vc="0" uspid="310" ordinal="52" offset="1453" sl="127" sc="22" el="127" ec="38" />
                <SequencePoint vc="0" uspid="311" ordinal="53" offset="1461" sl="127" sc="39" el="127" ec="46" />
                <SequencePoint vc="0" uspid="312" ordinal="54" offset="1466" sl="128" sc="21" el="128" ec="37" />
                <SequencePoint vc="0" uspid="313" ordinal="55" offset="1474" sl="128" sc="38" el="128" ec="45" />
                <SequencePoint vc="0" uspid="314" ordinal="56" offset="1479" sl="129" sc="19" el="129" ec="35" />
                <SequencePoint vc="0" uspid="315" ordinal="57" offset="1487" sl="129" sc="36" el="129" ec="43" />
                <SequencePoint vc="0" uspid="316" ordinal="58" offset="1492" sl="130" sc="22" el="130" ec="38" />
                <SequencePoint vc="0" uspid="317" ordinal="59" offset="1500" sl="130" sc="39" el="130" ec="46" />
                <SequencePoint vc="0" uspid="318" ordinal="60" offset="1505" sl="131" sc="22" el="131" ec="38" />
                <SequencePoint vc="0" uspid="319" ordinal="61" offset="1513" sl="131" sc="39" el="131" ec="46" />
                <SequencePoint vc="0" uspid="320" ordinal="62" offset="1518" sl="132" sc="20" el="132" ec="36" />
                <SequencePoint vc="0" uspid="321" ordinal="63" offset="1526" sl="132" sc="37" el="132" ec="44" />
                <SequencePoint vc="0" uspid="322" ordinal="64" offset="1531" sl="133" sc="21" el="133" ec="37" />
                <SequencePoint vc="0" uspid="323" ordinal="65" offset="1539" sl="133" sc="38" el="133" ec="45" />
                <SequencePoint vc="0" uspid="324" ordinal="66" offset="1544" sl="134" sc="20" el="134" ec="36" />
                <SequencePoint vc="0" uspid="325" ordinal="67" offset="1552" sl="134" sc="37" el="134" ec="44" />
                <SequencePoint vc="0" uspid="326" ordinal="68" offset="1557" sl="135" sc="20" el="135" ec="36" />
                <SequencePoint vc="0" uspid="327" ordinal="69" offset="1565" sl="135" sc="37" el="135" ec="44" />
                <SequencePoint vc="0" uspid="328" ordinal="70" offset="1570" sl="136" sc="20" el="136" ec="36" />
                <SequencePoint vc="0" uspid="329" ordinal="71" offset="1578" sl="136" sc="37" el="136" ec="44" />
                <SequencePoint vc="0" uspid="330" ordinal="72" offset="1583" sl="137" sc="20" el="137" ec="36" />
                <SequencePoint vc="0" uspid="331" ordinal="73" offset="1591" sl="137" sc="37" el="137" ec="44" />
                <SequencePoint vc="0" uspid="332" ordinal="74" offset="1596" sl="138" sc="22" el="138" ec="38" />
                <SequencePoint vc="0" uspid="333" ordinal="75" offset="1604" sl="138" sc="39" el="138" ec="46" />
                <SequencePoint vc="0" uspid="334" ordinal="76" offset="1609" sl="139" sc="22" el="139" ec="38" />
                <SequencePoint vc="0" uspid="335" ordinal="77" offset="1617" sl="139" sc="39" el="139" ec="46" />
                <SequencePoint vc="0" uspid="336" ordinal="78" offset="1622" sl="140" sc="22" el="140" ec="38" />
                <SequencePoint vc="0" uspid="337" ordinal="79" offset="1630" sl="140" sc="39" el="140" ec="46" />
                <SequencePoint vc="0" uspid="338" ordinal="80" offset="1635" sl="141" sc="23" el="141" ec="39" />
                <SequencePoint vc="0" uspid="339" ordinal="81" offset="1643" sl="141" sc="40" el="141" ec="47" />
                <SequencePoint vc="0" uspid="340" ordinal="82" offset="1648" sl="142" sc="20" el="142" ec="36" />
                <SequencePoint vc="0" uspid="341" ordinal="83" offset="1656" sl="142" sc="37" el="142" ec="44" />
                <SequencePoint vc="0" uspid="342" ordinal="84" offset="1661" sl="143" sc="21" el="143" ec="37" />
                <SequencePoint vc="0" uspid="343" ordinal="85" offset="1669" sl="143" sc="38" el="143" ec="45" />
                <SequencePoint vc="0" uspid="344" ordinal="86" offset="1674" sl="144" sc="20" el="144" ec="36" />
                <SequencePoint vc="0" uspid="345" ordinal="87" offset="1682" sl="144" sc="37" el="144" ec="44" />
                <SequencePoint vc="0" uspid="346" ordinal="88" offset="1687" sl="145" sc="20" el="145" ec="36" />
                <SequencePoint vc="0" uspid="347" ordinal="89" offset="1695" sl="145" sc="37" el="145" ec="44" />
                <SequencePoint vc="0" uspid="348" ordinal="90" offset="1700" sl="146" sc="21" el="146" ec="37" />
                <SequencePoint vc="0" uspid="349" ordinal="91" offset="1708" sl="146" sc="38" el="146" ec="45" />
                <SequencePoint vc="0" uspid="350" ordinal="92" offset="1713" sl="147" sc="25" el="147" ec="41" />
                <SequencePoint vc="0" uspid="351" ordinal="93" offset="1721" sl="147" sc="42" el="147" ec="49" />
                <SequencePoint vc="0" uspid="352" ordinal="94" offset="1726" sl="148" sc="28" el="148" ec="44" />
                <SequencePoint vc="0" uspid="353" ordinal="95" offset="1734" sl="148" sc="45" el="148" ec="52" />
                <SequencePoint vc="0" uspid="354" ordinal="96" offset="1739" sl="149" sc="20" el="149" ec="36" />
                <SequencePoint vc="0" uspid="355" ordinal="97" offset="1747" sl="149" sc="37" el="149" ec="44" />
                <SequencePoint vc="0" uspid="356" ordinal="98" offset="1752" sl="150" sc="25" el="150" ec="41" />
                <SequencePoint vc="0" uspid="357" ordinal="99" offset="1760" sl="150" sc="42" el="150" ec="49" />
                <SequencePoint vc="0" uspid="358" ordinal="100" offset="1765" sl="151" sc="29" el="151" ec="45" />
                <SequencePoint vc="0" uspid="359" ordinal="101" offset="1773" sl="151" sc="46" el="151" ec="53" />
                <SequencePoint vc="0" uspid="360" ordinal="102" offset="1778" sl="152" sc="27" el="152" ec="43" />
                <SequencePoint vc="0" uspid="361" ordinal="103" offset="1786" sl="152" sc="44" el="152" ec="51" />
                <SequencePoint vc="0" uspid="362" ordinal="104" offset="1791" sl="153" sc="20" el="153" ec="36" />
                <SequencePoint vc="0" uspid="363" ordinal="105" offset="1799" sl="153" sc="37" el="153" ec="44" />
                <SequencePoint vc="0" uspid="364" ordinal="106" offset="1804" sl="154" sc="20" el="154" ec="36" />
                <SequencePoint vc="0" uspid="365" ordinal="107" offset="1812" sl="154" sc="37" el="154" ec="44" />
                <SequencePoint vc="0" uspid="366" ordinal="108" offset="1817" sl="155" sc="27" el="155" ec="43" />
                <SequencePoint vc="0" uspid="367" ordinal="109" offset="1825" sl="155" sc="44" el="155" ec="51" />
                <SequencePoint vc="0" uspid="368" ordinal="110" offset="1830" sl="156" sc="26" el="156" ec="42" />
                <SequencePoint vc="0" uspid="369" ordinal="111" offset="1838" sl="156" sc="43" el="156" ec="50" />
                <SequencePoint vc="0" uspid="370" ordinal="112" offset="1843" sl="157" sc="21" el="157" ec="37" />
                <SequencePoint vc="0" uspid="371" ordinal="113" offset="1851" sl="157" sc="38" el="157" ec="45" />
                <SequencePoint vc="0" uspid="372" ordinal="114" offset="1856" sl="158" sc="21" el="158" ec="37" />
                <SequencePoint vc="0" uspid="373" ordinal="115" offset="1864" sl="158" sc="38" el="158" ec="45" />
                <SequencePoint vc="0" uspid="374" ordinal="116" offset="1866" sl="159" sc="19" el="159" ec="35" />
                <SequencePoint vc="0" uspid="375" ordinal="117" offset="1874" sl="159" sc="36" el="159" ec="43" />
                <SequencePoint vc="0" uspid="376" ordinal="118" offset="1876" sl="160" sc="21" el="160" ec="37" />
                <SequencePoint vc="0" uspid="377" ordinal="119" offset="1884" sl="160" sc="38" el="160" ec="45" />
                <SequencePoint vc="0" uspid="378" ordinal="120" offset="1886" sl="161" sc="25" el="161" ec="41" />
                <SequencePoint vc="0" uspid="379" ordinal="121" offset="1894" sl="161" sc="42" el="161" ec="49" />
                <SequencePoint vc="0" uspid="380" ordinal="122" offset="1896" sl="162" sc="21" el="162" ec="37" />
                <SequencePoint vc="0" uspid="381" ordinal="123" offset="1904" sl="162" sc="38" el="162" ec="45" />
                <SequencePoint vc="0" uspid="382" ordinal="124" offset="1906" sl="163" sc="32" el="163" ec="48" />
                <SequencePoint vc="0" uspid="383" ordinal="125" offset="1914" sl="163" sc="49" el="163" ec="56" />
                <SequencePoint vc="0" uspid="384" ordinal="126" offset="1916" sl="164" sc="26" el="164" ec="42" />
                <SequencePoint vc="0" uspid="385" ordinal="127" offset="1924" sl="164" sc="43" el="164" ec="50" />
                <SequencePoint vc="0" uspid="386" ordinal="128" offset="1926" sl="165" sc="24" el="165" ec="40" />
                <SequencePoint vc="0" uspid="387" ordinal="129" offset="1934" sl="165" sc="41" el="165" ec="48" />
                <SequencePoint vc="0" uspid="388" ordinal="130" offset="1936" sl="167" sc="7" el="167" ec="8" />
                <SequencePoint vc="0" uspid="389" ordinal="131" offset="1937" sl="168" sc="8" el="168" ec="25" />
                <SequencePoint vc="0" uspid="390" ordinal="132" offset="1948" sl="169" sc="8" el="169" ec="60" />
                <SequencePoint vc="0" uspid="391" ordinal="133" offset="1968" sl="170" sc="8" el="170" ec="15" />
                <SequencePoint vc="0" uspid="392" ordinal="134" offset="1970" sl="174" sc="4" el="174" ec="36" />
                <SequencePoint vc="0" uspid="393" ordinal="135" offset="1971" sl="175" sc="4" el="175" ec="5" />
                <SequencePoint vc="0" uspid="394" ordinal="136" offset="1972" sl="176" sc="5" el="176" ec="61" />
                <SequencePoint vc="0" uspid="395" ordinal="137" offset="1984" sl="177" sc="5" el="177" ec="12" />
                <SequencePoint vc="0" uspid="396" ordinal="138" offset="1987" sl="179" sc="3" el="179" ec="4" />
              </SequencePoints>
              <BranchPoints>
                <BranchPoint vc="0" uspid="397" ordinal="0" offset="41" path="0" />
[...]
                <SequencePoint vc="0" uspid="2649" ordinal="101" offset="1302" sl="177" sc="14" el="177" ec="15" />
                <SequencePoint vc="0" uspid="2650" ordinal="102" offset="1303" sl="178" sc="15" el="178" ec="37" />
                <SequencePoint vc="0" uspid="2651" ordinal="103" offset="1316" sl="179" sc="15" el="179" ec="55" />
                <SequencePoint vc="0" uspid="2652" ordinal="104" offset="1335" sl="180" sc="15" el="180" ec="55" />
                <SequencePoint vc="0" uspid="2653" ordinal="105" offset="1354" sl="181" sc="14" el="181" ec="15" />
                <SequencePoint vc="0" uspid="2654" ordinal="106" offset="1355" sl="184" sc="14" el="184" ec="20" />
                <SequencePoint vc="0" uspid="2655" ordinal="107" offset="1357" sl="188" sc="13" el="188" ec="14" />
                <SequencePoint vc="0" uspid="2656" ordinal="108" offset="1358" sl="189" sc="14" el="189" ec="36" />
                <SequencePoint vc="0" uspid="2657" ordinal="109" offset="1371" sl="190" sc="14" el="190" ec="131" />
                <SequencePoint vc="0" uspid="2658" ordinal="110" offset="1444" sl="191" sc="14" el="191" ec="20" />
                <SequencePoint vc="0" uspid="2659" ordinal="111" offset="1446" sl="194" sc="11" el="194" ec="17" />
                <SequencePoint vc="0" uspid="2660" ordinal="112" offset="1448" sl="197" sc="10" el="197" ec="24" />
                <SequencePoint vc="0" uspid="2661" ordinal="113" offset="1463" sl="198" sc="10" el="198" ec="11" />
                <SequencePoint vc="0" uspid="2662" ordinal="114" offset="1464" sl="199" sc="11" el="199" ec="40" />
                <SequencePoint vc="0" uspid="2663" ordinal="115" offset="1472" sl="200" sc="11" el="200" ec="50" />
                <SequencePoint vc="0" uspid="2664" ordinal="116" offset="1492" sl="201" sc="10" el="201" ec="11" />
                <SequencePoint vc="0" uspid="2665" ordinal="117" offset="1493" sl="202" sc="10" el="202" ec="16" />
                <SequencePoint vc="0" uspid="2666" ordinal="118" offset="1495" sl="205" sc="9" el="205" ec="39" />
                <SequencePoint vc="0" uspid="2667" ordinal="119" offset="1502" sl="207" sc="6" el="207" ec="7" />
                <SequencePoint vc="0" uspid="2668" ordinal="120" offset="1505" sl="208" sc="6" el="208" ec="11" />
                <SequencePoint vc="0" uspid="2669" ordinal="121" offset="1506" sl="209" sc="6" el="209" ec="7" />
                <SequencePoint vc="0" uspid="2670" ordinal="122" offset="1507" sl="211" sc="7" el="211" ec="13" />
                <SequencePoint vc="0" uspid="2671" ordinal="123" offset="1510" sl="214" sc="6" el="214" ec="25" />
                <SequencePoint vc="0" uspid="2672" ordinal="124" offset="1523" sl="215" sc="6" el="215" ec="7" />
                <SequencePoint vc="0" uspid="2673" ordinal="125" offset="1524" sl="217" sc="7" el="217" ec="13" />
                <SequencePoint vc="0" uspid="2674" ordinal="126" offset="1526" sl="219" sc="5" el="219" ec="6" />
                <SequencePoint vc="0" uspid="2675" ordinal="127" offset="1527" sl="61" sc="5" el="61" ec="17" />
                <SequencePoint vc="0" uspid="2676" ordinal="128" offset="1536" sl="220" sc="5" el="220" ec="72" />
                <SequencePoint vc="0" uspid="2677" ordinal="129" offset="1549" sl="221" sc="5" el="221" ec="54" />
                <SequencePoint vc="0" uspid="2678" ordinal="130" offset="1563" sl="222" sc="5" el="222" ec="27" />
                <SequencePoint vc="0" uspid="2679" ordinal="131" offset="1578" sl="223" sc="5" el="223" ec="6" />
                <SequencePoint vc="0" uspid="2680" ordinal="132" offset="1579" sl="224" sc="6" el="224" ec="41" />
                <SequencePoint vc="0" uspid="2681" ordinal="133" offset="1597" sl="225" sc="6" el="225" ec="25" />
                <SequencePoint vc="0" uspid="2682" ordinal="134" offset="1609" sl="226" sc="5" el="226" ec="6" />
                <SequencePoint vc="0" uspid="2683" ordinal="135" offset="1610" sl="227" sc="4" el="227" ec="5" />
              </SequencePoints>
              <BranchPoints>
                <BranchPoint vc="0" uspid="2684" ordinal="0" offset="97" path="0" />
                <BranchPoint vc="0" uspid="2685" ordinal="1" offset="97" path="1" />
                <BranchPoint vc="0" uspid="2686" ordinal="2" offset="97" path="2" />
                <BranchPoint vc="0" uspid="2687" ordinal="3" offset="97" path="3" />
                <BranchPoint vc="0" uspid="2688" ordinal="4" offset="218" path="0" />
                <BranchPoint vc="0" uspid="2689" ordinal="5" offset="218" path="1" />
                <BranchPoint vc="0" uspid="2690" ordinal="6" offset="238" path="0" />
                <BranchPoint vc="0" uspid="2691" ordinal="7" offset="238" path="1" />
                <BranchPoint vc="0" uspid="2692" ordinal="8" offset="322" path="0" />
                <BranchPoint vc="0" uspid="2693" ordinal="9" offset="322" path="1" />
                <BranchPoint vc="0" uspid="2694" ordinal="10" offset="528" path="0" />
                <BranchPoint vc="0" uspid="2695" ordinal="11" offset="528" path="1" />
                <BranchPoint vc="0" uspid="2696" ordinal="12" offset="660" path="0" />
                <BranchPoint vc="0" uspid="2697" ordinal="13" offset="660" path="1" />
                <BranchPoint vc="0" uspid="2698" ordinal="14" offset="677" path="0" />
                <BranchPoint vc="0" uspid="2699" ordinal="15" offset="677" path="1" />
                <BranchPoint vc="0" uspid="2700" ordinal="16" offset="691" path="0" />
                <BranchPoint vc="0" uspid="2701" ordinal="17" offset="691" path="1" />
                <BranchPoint vc="0" uspid="2702" ordinal="18" offset="708" path="0" />
                <BranchPoint vc="0" uspid="2703" ordinal="19" offset="708" path="1" />
                <BranchPoint vc="0" uspid="2704" ordinal="20" offset="725" path="0" />
                <BranchPoint vc="0" uspid="2705" ordinal="21" offset="725" path="1" />
                <BranchPoint vc="0" uspid="2706" ordinal="22" offset="951" path="0" />
                <BranchPoint vc="0" uspid="2707" ordinal="23" offset="951" path="1" />
                <BranchPoint vc="0" uspid="2708" ordinal="24" offset="1117" path="0" />
                <BranchPoint vc="0" uspid="2709" ordinal="25" offset="1117" path="1" />
                <BranchPoint vc="0" uspid="2710" ordinal="26" offset="1151" path="0" />
                <BranchPoint vc="0" uspid="2711" ordinal="27" offset="1151" path="1" />
                <BranchPoint vc="0" uspid="2712" ordinal="28" offset="1254" path="0" />
                <BranchPoint vc="0" uspid="2713" ordinal="29" offset="1254" path="1" />
                <BranchPoint vc="0" uspid="2714" ordinal="30" offset="1461" path="0" />
                <BranchPoint vc="0" uspid="2715" ordinal="31" offset="1461" path="1" />
                <BranchPoint vc="0" uspid="2716" ordinal="32" offset="1521" path="0" />
                <BranchPoint vc="0" uspid="2717" ordinal="33" offset="1521" path="1" />
                <BranchPoint vc="0" uspid="2718" ordinal="34" offset="1576" path="0" />
                <BranchPoint vc="0" uspid="2719" ordinal="35" offset="1576" path="1" />
              </BranchPoints>
              <MethodPoint xsi:type="SequencePoint" vc="0" uspid="2548" ordinal="0" offset="0" sl="51" sc="4" el="51" ec="5" />
            </Method>
            <Method visited="false" cyclomaticComplexity="1" sequenceCoverage="0" branchCoverage="0" isConstructor="true" isStatic="false" isGetter="false" isSetter="false">
              <MetadataToken>100663476</MetadataToken>
              <Name>System.Void LibClassicBot.Remote.RemoteClient::.ctor()</Name>
              <FileRef uid="32" />
              <SequencePoints>
                <SequencePoint vc="0" uspid="2720" ordinal="0" offset="0" sl="42" sc="4" el="42" ec="35" />
              </SequencePoints>
              <BranchPoints />
              <MethodPoint xsi:type="SequencePoint" vc="0" uspid="2720" ordinal="0" offset="0" sl="42" sc="4" el="42" ec="35" />
            </Method>
          </Methods>
        </Class>
        <Class>
          <FullName>LibClassicBot.Remote.Server</FullName>
          <Methods>
            <Method visited="false" cyclomaticComplexity="1" sequenceCoverage="0" branchCoverage="0" isConstructor="false" isStatic="false" isGetter="true" isSetter="false">
              <MetadataToken>100663477</MetadataToken>
              <Name>System.String LibClassicBot.Remote.Server::get_RemoteVerificationPassword()</Name>
              <FileRef uid="33" />
              <SequencePoints>
                <SequencePoint vc="0" uspid="2721" ordinal="0" offset="0" sl="17" sc="8" el="17" ec="9" />
                <SequencePoint vc="0" uspid="2722" ordinal="1" offset="1" sl="17" sc="10" el="17" ec="27" />
                <SequencePoint vc="0" uspid="2723" ordinal="2" offset="10" sl="17" sc="28" el="17" ec="29" />
              </SequencePoints>
              <BranchPoints />
              <MethodPoint xsi:type="SequencePoint" vc="0" uspid="2721" ordinal="0" offset="0" sl="17" sc="8" el="17" ec="9" />
            </Method>
            <Method visited="false" cyclomaticComplexity="1" sequenceCoverage="0" branchCoverage="0" isConstructor="false" isStatic="false" isGetter="false" isSetter="true">
              <MetadataToken>100663478</MetadataToken>
              <Name>System.Void LibClassicBot.Remote.Server::set_RemoteVerificationPassword(System.String)</Name>
              <FileRef uid="33" />
              <SequencePoints>
                <SequencePoint vc="0" uspid="2724" ordinal="0" offset="0" sl="18" sc="8" el="18" ec="9" />
                <SequencePoint vc="0" uspid="2725" ordinal="1" offset="1" sl="18" sc="10" el="18" ec="28" />
                <SequencePoint vc="0" uspid="2726" ordinal="2" offset="8" sl="18" sc="29" el="18" ec="30" />
              </SequencePoints>
              <BranchPoints />
              <MethodPoint xsi:type="SequencePoint" vc="0" uspid="2724" ordinal="0" offset="0" sl="18" sc="8" el="18" ec="9" />
            </Method>
            <Method visited="false" cyclomaticComplexity="1" sequenceCoverage="0" branchCoverage="0" isConstructor="false" isStatic="false" isGetter="true" isSetter="false">
              <MetadataToken>100663479</MetadataToken>
              <Name>System.Int32 LibClassicBot.Remote.Server::get_RemoteServerPort()</Name>
              <FileRef uid="33" />
              <SequencePoints>
                <SequencePoint vc="0" uspid="2727" ordinal="0" offset="0" sl="23" sc="8" el="23" ec="9" />
                <SequencePoint vc="0" uspid="2728" ordinal="1" offset="1" sl="23" sc="10" el="23" ec="23" />
                <SequencePoint vc="0" uspid="2729" ordinal="2" offset="10" sl="23" sc="24" el="23" ec="25" />
              </SequencePoints>
              <BranchPoints />
              <MethodPoint xsi:type="SequencePoint" vc="0" uspid="2727" ordinal="0" offset="0" sl="23" sc="8" el="23" ec="9" />
            </Method>
            <Method visited="false" cyclomaticComplexity="1" sequenceCoverage="0" branchCoverage="0" isConstructor="false" isStatic="false" isGetter="true" isSetter="false">
              <MetadataToken>100663480</MetadataToken>
              <Name>System.Boolean LibClassicBot.Remote.Server::get_Started()</Name>
              <FileRef uid="33" />
              <SequencePoints>
                <SequencePoint vc="0" uspid="2730" ordinal="0" offset="0" sl="28" sc="8" el="28" ec="9" />
                <SequencePoint vc="0" uspid="2731" ordinal="1" offset="1" sl="28" sc="10" el="28" ec="25" />
                <SequencePoint vc="0" uspid="2732" ordinal="2" offset="10" sl="28" sc="26" el="28" ec="27" />
              </SequencePoints>
              <BranchPoints />
              <MethodPoint xsi:type="SequencePoint" vc="0" uspid="2730" ordinal="0" offset="0" sl="28" sc="8" el="28" ec="9" />
            </Method>
            <Method visited="false" cyclomaticComplexity="1" sequenceCoverage="0" branchCoverage="0" isConstructor="false" isStatic="false" isGetter="false" isSetter="false">
              <MetadataToken>100663481</MetadataToken>
              <Name>System.Void LibClassicBot.Remote.Server::Start(LibClassicBot.ClassicBot,System.Int32,System.String)</Name>
              <FileRef uid="33" />
              <SequencePoints>
                <SequencePoint vc="0" uspid="2733" ordinal="0" offset="0" sl="52" sc="3" el="52" ec="4" />
                <SequencePoint vc="0" uspid="2734" ordinal="1" offset="1" sl="53" sc="4" el="53" ec="27" />
                <SequencePoint vc="0" uspid="2735" ordinal="2" offset="8" sl="54" sc="4" el="54" ec="31" />
                <SequencePoint vc="0" uspid="2736" ordinal="3" offset="15" sl="55" sc="4" el="55" ec="23" />
                <SequencePoint vc="0" uspid="2737" ordinal="4" offset="22" sl="56" sc="4" el="56" ec="55" />
                <SequencePoint vc="0" uspid="2738" ordinal="5" offset="40" sl="57" sc="4" el="57" ec="37" />
                <SequencePoint vc="0" uspid="2739" ordinal="6" offset="48" sl="58" sc="4" el="58" ec="25" />
                <SequencePoint vc="0" uspid="2740" ordinal="7" offset="55" sl="59" sc="3" el="59" ec="4" />
              </SequencePoints>
              <BranchPoints />
              <MethodPoint xsi:type="SequencePoint" vc="0" uspid="2733" ordinal="0" offset="0" sl="52" sc="3" el="52" ec="4" />
            </Method>
            <Method visited="false" cyclomaticComplexity="2" sequenceCoverage="0" branchCoverage="0" isConstructor="false" isStatic="false" isGetter="false" isSetter="false">
              <MetadataToken>100663482</MetadataToken>
              <Name>System.Void LibClassicBot.Remote.Server::SendMessageToAllRemoteClients(System.String)</Name>
              <FileRef uid="33" />
              <SequencePoints>
                <SequencePoint vc="0" uspid="2741" ordinal="0" offset="0" sl="67" sc="3" el="67" ec="4" />
                <SequencePoint vc="0" uspid="2742" ordinal="1" offset="1" sl="68" sc="4" el="68" ec="11" />
                <SequencePoint vc="0" uspid="2743" ordinal="2" offset="2" sl="68" sc="35" el="68" ec="42" />
                <SequencePoint vc="0" uspid="2744" ordinal="3" offset="16" sl="68" sc="12" el="68" ec="31" />
                <SequencePoint vc="0" uspid="2745" ordinal="4" offset="24" sl="69" sc="4" el="69" ec="5" />
                <SequencePoint vc="0" uspid="2746" ordinal="5" offset="25" sl="70" sc="5" el="70" ec="35" />
                <SequencePoint vc="0" uspid="2747" ordinal="6" offset="33" sl="71" sc="4" el="71" ec="5" />
                <SequencePoint vc="0" uspid="2748" ordinal="7" offset="34" sl="68" sc="32" el="68" ec="34" />
                <SequencePoint vc="0" uspid="2749" ordinal="8" offset="63" sl="72" sc="3" el="72" ec="4" />
              </SequencePoints>
              <BranchPoints>
                <BranchPoint vc="0" uspid="2750" ordinal="0" offset="43" path="0" />
                <BranchPoint vc="0" uspid="2751" ordinal="1" offset="43" path="1" />
              </BranchPoints>
              <MethodPoint xsi:type="SequencePoint" vc="0" uspid="2741" ordinal="0" offset="0" sl="67" sc="3" el="67" ec="4" />
            </Method>
            <Method visited="false" cyclomaticComplexity="1" sequenceCoverage="0" branchCoverage="0" isConstructor="false" isStatic="false" isGetter="false" isSetter="false">
              <MetadataToken>100663483</MetadataToken>
              <Name>System.Void LibClassicBot.Remote.Server::ListenForClients()</Name>
              <FileRef uid="33" />
              <SequencePoints>
                <SequencePoint vc="0" uspid="2752" ordinal="0" offset="0" sl="78" sc="3" el="78" ec="4" />
                <SequencePoint vc="0" uspid="2753" ordinal="1" offset="1" sl="79" sc="4" el="79" ec="19" />
                <SequencePoint vc="0" uspid="2754" ordinal="2" offset="8" sl="80" sc="4" el="80" ec="67" />
                <SequencePoint vc="0" uspid="2755" ordinal="3" offset="25" sl="81" sc="4" el="81" ec="24" />
                <SequencePoint vc="0" uspid="2756" ordinal="4" offset="47" sl="83" sc="4" el="83" ec="5" />
                <SequencePoint vc="0" uspid="2757" ordinal="5" offset="48" sl="85" sc="5" el="85" ec="63" />
                <SequencePoint vc="0" uspid="2758" ordinal="6" offset="60" sl="87" sc="5" el="87" ec="128" />
                <SequencePoint vc="0" uspid="2759" ordinal="7" offset="93" sl="88" sc="5" el="88" ec="44" />
                <SequencePoint vc="0" uspid="2760" ordinal="8" offset="106" sl="90" sc="5" el="90" ec="46" />
                <SequencePoint vc="0" uspid="2761" ordinal="9" offset="117" sl="91" sc="5" el="91" ec="91" />
                <SequencePoint vc="0" uspid="2762" ordinal="10" offset="135" sl="92" sc="5" el="92" ec="26" />
                <SequencePoint vc="0" uspid="2763" ordinal="11" offset="142" sl="93" sc="5" el="93" ec="25" />
                <SequencePoint vc="0" uspid="2764" ordinal="12" offset="160" sl="94" sc="4" el="94" ec="5" />
                <SequencePoint vc="0" uspid="2765" ordinal="13" offset="161" sl="82" sc="4" el="82" ec="16" />
              </SequencePoints>
              <BranchPoints />
              <MethodPoint xsi:type="SequencePoint" vc="0" uspid="2752" ordinal="0" offset="0" sl="78" sc="3" el="78" ec="4" />
            </Method>
            <Method visited="false" cyclomaticComplexity="1" sequenceCoverage="0" branchCoverage="0" isConstructor="true" isStatic="false" isGetter="false" isSetter="false">
              <MetadataToken>100663484</MetadataToken>
              <Name>System.Void LibClassicBot.Remote.Server::.ctor()</Name>
              <FileRef uid="33" />
              <SequencePoints>
                <SequencePoint vc="0" uspid="2766" ordinal="0" offset="0" sl="31" sc="3" el="31" ec="64" />
                <SequencePoint vc="0" uspid="2767" ordinal="1" offset="11" sl="34" sc="3" el="34" ec="60" />
              </SequencePoints>
              <BranchPoints />
              <MethodPoint xsi:type="SequencePoint" vc="0" uspid="2766" ordinal="0" offset="0" sl="31" sc="3" el="31" ec="64" />
            </Method>
          </Methods>
        </Class>
        <Class>
          <FullName>LibClassicBot.Remote.Server/&lt;&gt;c__DisplayClass1</FullName>
          <Methods>
            <Method visited="false" cyclomaticComplexity="1" sequenceCoverage="0" branchCoverage="0" isConstructor="true" isStatic="false" isGetter="false" isSetter="false">
              <MetadataToken>100663519</MetadataToken>
              <Name>System.Void LibClassicBot.Remote.Server/&lt;&gt;c__DisplayClass1::.ctor()</Name>
              <SequencePoints />
              <BranchPoints />
              <MethodPoint vc="0" uspid="2768" ordinal="0" offset="0" />
            </Method>
            <Method visited="false" cyclomaticComplexity="1" sequenceCoverage="0" branchCoverage="0" isConstructor="false" isStatic="false" isGetter="false" isSetter="false">
              <MetadataToken>100663520</MetadataToken>
              <Name>System.Void LibClassicBot.Remote.Server/&lt;&gt;c__DisplayClass1::&lt;ListenForClients&gt;b__0()</Name>
              <FileRef uid="33" />
              <SequencePoints>
                <SequencePoint vc="0" uspid="2769" ordinal="0" offset="0" sl="91" sc="49" el="91" ec="50" />
                <SequencePoint vc="0" uspid="2770" ordinal="1" offset="1" sl="91" sc="51" el="91" ec="86" />
              </SequencePoints>
              <BranchPoints />
              <MethodPoint xsi:type="SequencePoint" vc="0" uspid="2769" ordinal="0" offset="0" sl="91" sc="49" el="91" ec="50" />
            </Method>
          </Methods>
        </Class>
        <Class>
          <FullName>&lt;PrivateImplementationDetails&gt;{58F7DB00-0F7F-4756-B1FF-930B6D7A05ED}</FullName>
          <Methods />
        </Class>
      </Classes>
    </Module>
  </Modules>
</CoverageSession>