<?xml version="1.0" encoding="utf-8"?>
<CoverageSession xmlns:xsi="http://www.w3.org/2001/XMLSchema-instance" xmlns:xsd="http://www.w3.org/2001/XMLSchema">
  <Modules>
    <Module skippedDueTo="Filter" hash="35-2E-B1-4C-7B-4D-B0-B1-49-08-80-68-07-73-F5-BF-CE-D9-72-5B">
      <FullName>C:\WINDOWS\assembly\GAC_32\mscorlib\2.0.0.0__b77a5c561934e089\mscorlib.dll</FullName>
      <ModuleName>mscorlib</ModuleName>
      <Classes />
    </Module>
    <Module skippedDueTo="Filter" hash="F9-04-A8-31-CD-FB-23-72-95-63-5D-14-9A-A0-66-8E-7F-44-93-7A">
      <FullName>C:\WINDOWS\assembly\GAC_32\mscorlib\2.0.0.0__b77a5c561934e089\sorttbls.nlp</FullName>
      <ModuleName>mscorlib</ModuleName>
      <Classes />
    </Module>
    <Module skippedDueTo="MissingPdb" hash="DA-11-AB-7A-54-40-91-0F-E3-CC-4F-E4-30-43-80-09-4A-8C-B6-BA">
      <FullName>C:\Program Files\SharpDevelop\4.3\bin\Tools\NUnit\nunit-console-dotnet2-x86.exe</FullName>
      <ModuleName>nunit-console</ModuleName>
      <Classes />
    </Module>
    <Module skippedDueTo="MissingPdb" hash="23-35-8C-86-05-D5-AE-FE-3C-1F-09-A0-86-02-40-7C-4F-CA-59-41">
      <FullName>C:\Program Files\SharpDevelop\4.3\bin\Tools\NUnit\lib\nunit.core.dll</FullName>
      <ModuleName>nunit.core</ModuleName>
      <Classes />
    </Module>
    <Module skippedDueTo="MissingPdb" hash="57-DD-20-42-DA-33-B3-EE-DA-8C-8E-25-C9-E5-07-B5-08-62-0F-88">
      <FullName>C:\Program Files\SharpDevelop\4.3\bin\Tools\NUnit\lib\nunit.util.dll</FullName>
      <ModuleName>nunit.util</ModuleName>
      <Classes />
    </Module>
    <Module skippedDueTo="MissingPdb" hash="79-F8-9A-22-4E-29-52-37-00-CF-81-FF-1F-EA-05-EC-74-2A-2E-C8">
      <FullName>C:\Program Files\SharpDevelop\4.3\bin\Tools\NUnit\lib\nunit-console-runner.dll</FullName>
      <ModuleName>nunit-console-runner</ModuleName>
      <Classes />
    </Module>
    <Module skippedDueTo="MissingPdb" hash="AD-76-2F-3C-5E-F6-77-0D-C6-AD-AF-A3-90-85-28-07-2D-A0-59-50">
      <FullName>C:\Program Files\SharpDevelop\4.3\bin\Tools\NUnit\lib\nunit.core.interfaces.dll</FullName>
      <ModuleName>nunit.core.interfaces</ModuleName>
      <Classes />
    </Module>
    <Module skippedDueTo="Filter" hash="6E-30-2E-50-36-FB-60-2C-8E-50-C0-83-54-8B-CC-EA-A8-91-B6-CC">
      <FullName>C:\WINDOWS\assembly\GAC_32\mscorlib\2.0.0.0__b77a5c561934e089\sortkey.nlp</FullName>
      <ModuleName>mscorlib</ModuleName>
      <Classes />
    </Module>
    <Module skippedDueTo="Filter" hash="5B-B8-1B-23-5E-BF-05-25-BD-98-76-9C-10-CA-0E-CF-77-F5-53-6F">
      <FullName>C:\WINDOWS\assembly\GAC_MSIL\System.Configuration\2.0.0.0__b03f5f7f11d50a3a\System.Configuration.dll</FullName>
      <ModuleName>System.Configuration</ModuleName>
      <Classes />
    </Module>
    <Module skippedDueTo="Filter" hash="DF-A4-70-55-5A-FB-73-C3-86-13-DF-CC-FB-B1-9F-16-7A-A5-1F-96">
      <FullName>C:\WINDOWS\assembly\GAC_MSIL\System\2.0.0.0__b77a5c561934e089\System.dll</FullName>
      <ModuleName>System</ModuleName>
      <Classes />
    </Module>
    <Module skippedDueTo="Filter" hash="86-32-53-5C-22-A1-08-F4-F7-AF-64-1D-21-26-5E-C2-8D-61-84-A8">
      <FullName>C:\WINDOWS\assembly\GAC_MSIL\System.Xml\2.0.0.0__b77a5c561934e089\System.Xml.dll</FullName>
      <ModuleName>System.Xml</ModuleName>
      <Classes />
    </Module>
    <Module skippedDueTo="Filter" hash="10-93-7B-6F-E5-53-16-F4-95-3C-78-EE-F3-E7-A2-42-5C-D2-16-97">
      <FullName>C:\WINDOWS\assembly\GAC_MSIL\System.Runtime.Remoting\2.0.0.0__b77a5c561934e089\System.Runtime.Remoting.dll</FullName>
      <ModuleName>System.Runtime.Remoting</ModuleName>
      <Classes />
    </Module>
    <Module skippedDueTo="MissingPdb" hash="23-35-8C-86-05-D5-AE-FE-3C-1F-09-A0-86-02-40-7C-4F-CA-59-41">
      <FullName>C:\Program Files\SharpDevelop\4.3\bin\Tools\NUnit\lib\nunit.core.dll</FullName>
      <ModuleName>nunit.core</ModuleName>
      <Classes />
    </Module>
    <Module skippedDueTo="Filter" hash="DF-A4-70-55-5A-FB-73-C3-86-13-DF-CC-FB-B1-9F-16-7A-A5-1F-96">
      <FullName>C:\WINDOWS\assembly\GAC_MSIL\System\2.0.0.0__b77a5c561934e089\System.dll</FullName>
      <ModuleName>System</ModuleName>
      <Classes />
    </Module>
    <Module skippedDueTo="Filter" hash="86-32-53-5C-22-A1-08-F4-F7-AF-64-1D-21-26-5E-C2-8D-61-84-A8">
      <FullName>C:\WINDOWS\assembly\GAC_MSIL\System.Xml\2.0.0.0__b77a5c561934e089\System.Xml.dll</FullName>
      <ModuleName>System.Xml</ModuleName>
      <Classes />
    </Module>
    <Module skippedDueTo="MissingPdb" hash="AD-76-2F-3C-5E-F6-77-0D-C6-AD-AF-A3-90-85-28-07-2D-A0-59-50">
      <FullName>C:\Program Files\SharpDevelop\4.3\bin\Tools\NUnit\lib\nunit.core.interfaces.dll</FullName>
      <ModuleName>nunit.core.interfaces</ModuleName>
      <Classes />
    </Module>
    <Module hash="99-F5-71-14-74-9F-35-83-39-90-9D-26-A3-97-31-D4-7F-7F-56-79">
      <FullName>C:\Documents and Settings\BJORN\Local Settings\Temp\nunit20\ShadowCopyCache\5596_634891618247411250\Tests_314563625\assembly\dl3\d3d0a621\e4ece025_16c5cd01\ClassicRemoteBotClient.EXE</FullName>
      <ModuleName>ClassicRemoteBotClient</ModuleName>
      <Files>
        <File uid="1" fullPath="f:\PortableApps\MSysGitPortable\Data\home\LibClassicBot\ClassicRemoteBotClient\Program.cs" />
      </Files>
      <Classes>
        <Class>
          <FullName>&lt;Module&gt;</FullName>
          <Methods />
        </Class>
        <Class>
          <FullName>ClassicRemoteBotClient.Program</FullName>
          <Methods>
            <Method visited="false" cyclomaticComplexity="4" sequenceCoverage="0" branchCoverage="0" isConstructor="false" isStatic="true" isGetter="false" isSetter="false">
              <MetadataToken>100663297</MetadataToken>
              <Name>System.Void ClassicRemoteBotClient.Program::Main(System.String[])</Name>
              <FileRef uid="1" />
              <SequencePoints>
                <SequencePoint vc="0" uspid="1" ordinal="0" offset="6" sl="34" sc="3" el="34" ec="4" />
                <SequencePoint vc="0" uspid="2" ordinal="1" offset="7" sl="35" sc="4" el="35" ec="49" />
                <SequencePoint vc="0" uspid="3" ordinal="2" offset="15" sl="36" sc="4" el="36" ec="81" />
                <SequencePoint vc="0" uspid="4" ordinal="3" offset="26" sl="37" sc="4" el="37" ec="110" />
                <SequencePoint vc="0" uspid="5" ordinal="4" offset="37" sl="38" sc="4" el="38" ec="84" />
                <SequencePoint vc="0" uspid="6" ordinal="5" offset="48" sl="39" sc="4" el="39" ec="102" />
                <SequencePoint vc="0" uspid="7" ordinal="6" offset="59" sl="40" sc="4" el="40" ec="25" />
                <SequencePoint vc="0" uspid="8" ordinal="7" offset="65" sl="42" sc="4" el="42" ec="69" />
                <SequencePoint vc="0" uspid="9" ordinal="8" offset="76" sl="44" sc="4" el="44" ec="54" />
                <SequencePoint vc="0" uspid="10" ordinal="9" offset="96" sl="45" sc="4" el="45" ec="5" />
                <SequencePoint vc="0" uspid="11" ordinal="10" offset="97" sl="46" sc="5" el="46" ec="48" />
                <SequencePoint vc="0" uspid="12" ordinal="11" offset="105" sl="47" sc="5" el="47" ec="75" />
                <SequencePoint vc="0" uspid="13" ordinal="12" offset="116" sl="48" sc="5" el="48" ec="23" />
                <SequencePoint vc="0" uspid="14" ordinal="13" offset="122" sl="49" sc="5" el="49" ec="12" />
                <SequencePoint vc="0" uspid="15" ordinal="14" offset="127" sl="51" sc="4" el="51" ec="55" />
                <SequencePoint vc="0" uspid="16" ordinal="15" offset="138" sl="52" sc="4" el="52" ec="18" />
                <SequencePoint vc="0" uspid="17" ordinal="16" offset="145" sl="53" sc="4" el="53" ec="53" />
                <SequencePoint vc="0" uspid="18" ordinal="17" offset="165" sl="54" sc="4" el="54" ec="5" />
                <SequencePoint vc="0" uspid="19" ordinal="18" offset="166" sl="55" sc="5" el="55" ec="48" />
                <SequencePoint vc="0" uspid="20" ordinal="19" offset="174" sl="56" sc="5" el="56" ec="75" />
                <SequencePoint vc="0" uspid="21" ordinal="20" offset="185" sl="57" sc="5" el="57" ec="23" />
                <SequencePoint vc="0" uspid="22" ordinal="21" offset="191" sl="58" sc="5" el="58" ec="12" />
                <SequencePoint vc="0" uspid="23" ordinal="22" offset="196" sl="61" sc="4" el="61" ec="62" />
                <SequencePoint vc="0" uspid="24" ordinal="23" offset="214" sl="62" sc="4" el="62" ec="17" />
                <SequencePoint vc="0" uspid="25" ordinal="24" offset="221" sl="64" sc="4" el="64" ec="24" />
                <SequencePoint vc="0" uspid="26" ordinal="25" offset="232" sl="66" sc="4" el="66" ec="41" />
                <SequencePoint vc="0" uspid="27" ordinal="26" offset="238" sl="68" sc="4" el="68" ec="5" />
                <SequencePoint vc="0" uspid="28" ordinal="27" offset="239" sl="69" sc="5" el="69" ec="36" />
                <SequencePoint vc="0" uspid="29" ordinal="28" offset="251" sl="71" sc="5" el="71" ec="6" />
                <SequencePoint vc="0" uspid="30" ordinal="29" offset="252" sl="72" sc="6" el="72" ec="70" />
                <SequencePoint vc="0" uspid="31" ordinal="30" offset="264" sl="73" sc="6" el="73" ec="42" />
                <SequencePoint vc="0" uspid="32" ordinal="31" offset="276" sl="75" sc="5" el="75" ec="6" />
                <SequencePoint vc="0" uspid="33" ordinal="32" offset="277" sl="76" sc="4" el="76" ec="5" />
                <SequencePoint vc="0" uspid="34" ordinal="33" offset="280" sl="77" sc="4" el="77" ec="22" />
                <SequencePoint vc="0" uspid="35" ordinal="34" offset="281" sl="78" sc="4" el="78" ec="5" />
                <SequencePoint vc="0" uspid="36" ordinal="35" offset="282" sl="79" sc="5" el="79" ec="48" />
                <SequencePoint vc="0" uspid="37" ordinal="36" offset="290" sl="80" sc="5" el="80" ec="130" />
                <SequencePoint vc="0" uspid="38" ordinal="37" offset="301" sl="81" sc="5" el="81" ec="26" />
                <SequencePoint vc="0" uspid="39" ordinal="38" offset="307" sl="82" sc="5" el="82" ec="51" />
                <SequencePoint vc="0" uspid="40" ordinal="39" offset="318" sl="83" sc="5" el="83" ec="27" />
                <SequencePoint vc="0" uspid="41" ordinal="40" offset="325" sl="84" sc="5" el="84" ec="12" />
                <SequencePoint vc="0" uspid="42" ordinal="41" offset="328" sl="86" sc="4" el="86" ec="14" />
                <SequencePoint vc="0" uspid="43" ordinal="42" offset="331" sl="87" sc="3" el="87" ec="4" />
              </SequencePoints>
              <BranchPoints>
                <BranchPoint vc="0" uspid="45" ordinal="0" offset="94" path="0" />
                <BranchPoint vc="0" uspid="46" ordinal="1" offset="94" path="1" />
                <BranchPoint vc="0" uspid="47" ordinal="2" offset="163" path="0" />
                <BranchPoint vc="0" uspid="48" ordinal="3" offset="163" path="1" />
                <BranchPoint vc="0" uspid="49" ordinal="4" offset="249" path="0" />
                <BranchPoint vc="0" uspid="50" ordinal="5" offset="249" path="1" />
              </BranchPoints>
              <MethodPoint vc="0" uspid="44" ordinal="0" offset="0" />
            </Method>
            <Method visited="false" cyclomaticComplexity="13" sequenceCoverage="0" branchCoverage="0" isConstructor="false" isStatic="true" isGetter="false" isSetter="false">
              <MetadataToken>100663298</MetadataToken>
              <Name>System.Void ClassicRemoteBotClient.Program::Loop(System.Net.IPAddress,System.Int32)</Name>
              <FileRef uid="1" />
              <SequencePoints>
                <SequencePoint vc="0" uspid="51" ordinal="0" offset="0" sl="90" sc="3" el="90" ec="4" />
                <SequencePoint vc="0" uspid="52" ordinal="1" offset="1" sl="91" sc="4" el="91" ec="36" />
                <SequencePoint vc="0" uspid="53" ordinal="2" offset="7" sl="92" sc="4" el="92" ec="30" />
                <SequencePoint vc="0" uspid="54" ordinal="3" offset="16" sl="93" sc="4" el="93" ec="49" />
                <SequencePoint vc="0" uspid="55" ordinal="4" offset="23" sl="94" sc="4" el="94" ec="57" />
                <SequencePoint vc="0" uspid="56" ordinal="5" offset="30" sl="95" sc="4" el="95" ec="57" />
                <SequencePoint vc="0" uspid="57" ordinal="6" offset="37" sl="96" sc="4" el="96" ec="33" />
                <SequencePoint vc="0" uspid="58" ordinal="7" offset="43" sl="97" sc="4" el="97" ec="37" />
                <SequencePoint vc="0" uspid="59" ordinal="8" offset="51" sl="100" sc="4" el="100" ec="52" />
                <SequencePoint vc="0" uspid="60" ordinal="9" offset="62" sl="101" sc="4" el="101" ec="37" />
                <SequencePoint vc="0" uspid="61" ordinal="10" offset="69" sl="102" sc="4" el="102" ec="48" />
                <SequencePoint vc="0" uspid="62" ordinal="11" offset="77" sl="104" sc="4" el="104" ec="23" />
                <SequencePoint vc="0" uspid="63" ordinal="12" offset="91" sl="107" sc="4" el="107" ec="5" />
                <SequencePoint vc="0" uspid="64" ordinal="13" offset="92" sl="108" sc="5" el="108" ec="19" />
                <SequencePoint vc="0" uspid="65" ordinal="14" offset="95" sl="111" sc="5" el="111" ec="6" />
                <SequencePoint vc="0" uspid="66" ordinal="15" offset="96" sl="113" sc="6" el="113" ec="70" />
                <SequencePoint vc="0" uspid="67" ordinal="16" offset="113" sl="114" sc="6" el="114" ec="45" />
                <SequencePoint vc="0" uspid="68" ordinal="17" offset="157" sl="117" sc="8" el="117" ec="9" />
                <SequencePoint vc="0" uspid="69" ordinal="18" offset="158" sl="118" sc="9" el="118" ec="39" />
                <SequencePoint vc="0" uspid="70" ordinal="19" offset="166" sl="119" sc="9" el="119" ec="46" />
                <SequencePoint vc="0" uspid="71" ordinal="20" offset="174" sl="120" sc="9" el="120" ec="22" />
                <SequencePoint vc="0" uspid="72" ordinal="21" offset="188" sl="121" sc="9" el="121" ec="10" />
                <SequencePoint vc="0" uspid="73" ordinal="22" offset="189" sl="122" sc="10" el="122" ec="37" />
                <SequencePoint vc="0" uspid="74" ordinal="23" offset="197" sl="123" sc="9" el="123" ec="10" />
                <SequencePoint vc="0" uspid="75" ordinal="24" offset="203" sl="125" sc="14" el="125" ec="27" />
                <SequencePoint vc="0" uspid="76" ordinal="25" offset="217" sl="126" sc="9" el="126" ec="10" />
                <SequencePoint vc="0" uspid="77" ordinal="26" offset="218" sl="127" sc="10" el="127" ec="56" />
                <SequencePoint vc="0" uspid="78" ordinal="27" offset="226" sl="128" sc="10" el="128" ec="37" />
                <SequencePoint vc="0" uspid="79" ordinal="28" offset="234" sl="129" sc="10" el="129" ec="31" />
                <SequencePoint vc="0" uspid="80" ordinal="29" offset="240" sl="130" sc="9" el="130" ec="10" />
                <SequencePoint vc="0" uspid="81" ordinal="30" offset="246" sl="132" sc="14" el="132" ec="27" />
                <SequencePoint vc="0" uspid="82" ordinal="31" offset="260" sl="133" sc="9" el="133" ec="10" />
                <SequencePoint vc="0" uspid="83" ordinal="32" offset="261" sl="134" sc="10" el="134" ec="53" />
                <SequencePoint vc="0" uspid="84" ordinal="33" offset="269" sl="135" sc="10" el="135" ec="37" />
                <SequencePoint vc="0" uspid="85" ordinal="34" offset="277" sl="136" sc="10" el="136" ec="55" />
                <SequencePoint vc="0" uspid="86" ordinal="35" offset="288" sl="137" sc="10" el="137" ec="31" />
                <SequencePoint vc="0" uspid="87" ordinal="36" offset="294" sl="138" sc="10" el="138" ec="22" />
                <SequencePoint vc="0" uspid="88" ordinal="37" offset="301" sl="139" sc="9" el="139" ec="10" />
                <SequencePoint vc="0" uspid="89" ordinal="38" offset="304" sl="141" sc="14" el="141" ec="27" />
                <SequencePoint vc="0" uspid="90" ordinal="39" offset="318" sl="142" sc="9" el="142" ec="10" />
                <SequencePoint vc="0" uspid="91" ordinal="40" offset="319" sl="143" sc="10" el="143" ec="37" />
                <SequencePoint vc="0" uspid="92" ordinal="41" offset="327" sl="144" sc="10" el="144" ec="44" />
                <SequencePoint vc="0" uspid="93" ordinal="42" offset="334" sl="145" sc="10" el="145" ec="54" />
                <SequencePoint vc="0" uspid="94" ordinal="43" offset="342" sl="146" sc="10" el="146" ec="30" />
                <SequencePoint vc="0" uspid="95" ordinal="44" offset="351" sl="147" sc="9" el="147" ec="10" />
                <SequencePoint vc="0" uspid="96" ordinal="45" offset="354" sl="149" sc="14" el="149" ec="27" />
                <SequencePoint vc="0" uspid="97" ordinal="46" offset="368" sl="150" sc="9" el="150" ec="10" />
                <SequencePoint vc="0" uspid="98" ordinal="47" offset="369" sl="151" sc="10" el="151" ec="56" />
                <SequencePoint vc="0" uspid="99" ordinal="48" offset="377" sl="152" sc="10" el="152" ec="37" />
                <SequencePoint vc="0" uspid="100" ordinal="49" offset="385" sl="153" sc="10" el="153" ec="31" />
                <SequencePoint vc="0" uspid="101" ordinal="50" offset="391" sl="154" sc="10" el="154" ec="44" />
                <SequencePoint vc="0" uspid="102" ordinal="51" offset="398" sl="155" sc="10" el="155" ec="54" />
                <SequencePoint vc="0" uspid="103" ordinal="52" offset="406" sl="156" sc="10" el="156" ec="30" />
                <SequencePoint vc="0" uspid="104" ordinal="53" offset="415" sl="157" sc="9" el="157" ec="10" />
                <SequencePoint vc="0" uspid="105" ordinal="54" offset="416" sl="158" sc="9" el="158" ec="15" />
                <SequencePoint vc="0" uspid="106" ordinal="55" offset="421" sl="161" sc="8" el="161" ec="9" />
                <SequencePoint vc="0" uspid="107" ordinal="56" offset="422" sl="162" sc="10" el="162" ec="55" />
                <SequencePoint vc="0" uspid="108" ordinal="57" offset="430" sl="163" sc="10" el="163" ec="49" />
                <SequencePoint vc="0" uspid="109" ordinal="58" offset="438" sl="164" sc="10" el="164" ec="43" />
                <SequencePoint vc="0" uspid="110" ordinal="59" offset="446" sl="165" sc="10" el="165" ec="32" />
                <SequencePoint vc="0" uspid="111" ordinal="60" offset="460" sl="166" sc="10" el="166" ec="11" />
                <SequencePoint vc="0" uspid="112" ordinal="61" offset="461" sl="167" sc="11" el="167" ec="54" />
                <SequencePoint vc="0" uspid="113" ordinal="62" offset="479" sl="168" sc="11" el="168" ec="45" />
                <SequencePoint vc="0" uspid="114" ordinal="63" offset="487" sl="169" sc="11" el="169" ec="39" />
                <SequencePoint vc="0" uspid="115" ordinal="64" offset="497" sl="170" sc="10" el="170" ec="11" />
                <SequencePoint vc="0" uspid="116" ordinal="65" offset="500" sl="172" sc="10" el="172" ec="11" />
                <SequencePoint vc="0" uspid="117" ordinal="66" offset="501" sl="173" sc="11" el="173" ec="34" />
                <SequencePoint vc="0" uspid="118" ordinal="67" offset="509" sl="174" sc="10" el="174" ec="11" />
                <SequencePoint vc="0" uspid="119" ordinal="68" offset="510" sl="175" sc="10" el="175" ec="31" />
                <SequencePoint vc="0" uspid="120" ordinal="69" offset="516" sl="176" sc="9" el="176" ec="15" />
                <SequencePoint vc="0" uspid="121" ordinal="70" offset="518" sl="179" sc="8" el="179" ec="9" />
                <SequencePoint vc="0" uspid="122" ordinal="71" offset="519" sl="180" sc="9" el="180" ec="48" />
                <SequencePoint vc="0" uspid="123" ordinal="72" offset="531" sl="181" sc="9" el="181" ec="15" />
                <SequencePoint vc="0" uspid="124" ordinal="73" offset="533" sl="185" sc="8" el="185" ec="9" />
                <SequencePoint vc="0" uspid="125" ordinal="74" offset="534" sl="186" sc="9" el="186" ec="48" />
                <SequencePoint vc="0" uspid="126" ordinal="75" offset="546" sl="187" sc="9" el="187" ec="138" />
                <SequencePoint vc="0" uspid="127" ordinal="76" offset="557" sl="188" sc="9" el="188" ec="25" />
                <SequencePoint vc="0" uspid="128" ordinal="77" offset="568" sl="189" sc="9" el="189" ec="15" />
                <SequencePoint vc="0" uspid="129" ordinal="78" offset="570" sl="192" sc="5" el="192" ec="6" />
                <SequencePoint vc="0" uspid="130" ordinal="79" offset="573" sl="193" sc="5" el="193" ec="10" />
                <SequencePoint vc="0" uspid="131" ordinal="80" offset="574" sl="194" sc="5" el="194" ec="6" />
                <SequencePoint vc="0" uspid="132" ordinal="81" offset="575" sl="196" sc="6" el="196" ec="12" />
                <SequencePoint vc="0" uspid="133" ordinal="82" offset="578" sl="199" sc="5" el="199" ec="24" />
                <SequencePoint vc="0" uspid="134" ordinal="83" offset="592" sl="200" sc="5" el="200" ec="6" />
                <SequencePoint vc="0" uspid="135" ordinal="84" offset="593" sl="202" sc="6" el="202" ec="12" />
                <SequencePoint vc="0" uspid="136" ordinal="85" offset="595" sl="204" sc="4" el="204" ec="5" />
                <SequencePoint vc="0" uspid="137" ordinal="86" offset="596" sl="106" sc="4" el="106" ec="16" />
                <SequencePoint vc="0" uspid="138" ordinal="87" offset="605" sl="205" sc="3" el="205" ec="4" />
              </SequencePoints>
              <BranchPoints>
                <BranchPoint vc="0" uspid="139" ordinal="0" offset="123" path="0" />
                <BranchPoint vc="0" uspid="140" ordinal="1" offset="123" path="1" />
                <BranchPoint vc="0" uspid="141" ordinal="2" offset="123" path="2" />
                <BranchPoint vc="0" uspid="142" ordinal="3" offset="123" path="3" />
                <BranchPoint vc="0" uspid="143" ordinal="4" offset="123" path="4" />
                <BranchPoint vc="0" uspid="144" ordinal="5" offset="123" path="5" />
                <BranchPoint vc="0" uspid="145" ordinal="6" offset="123" path="6" />
                <BranchPoint vc="0" uspid="146" ordinal="7" offset="186" path="0" />
                <BranchPoint vc="0" uspid="147" ordinal="8" offset="186" path="1" />
                <BranchPoint vc="0" uspid="148" ordinal="9" offset="215" path="0" />
                <BranchPoint vc="0" uspid="149" ordinal="10" offset="215" path="1" />
                <BranchPoint vc="0" uspid="150" ordinal="11" offset="258" path="0" />
                <BranchPoint vc="0" uspid="151" ordinal="12" offset="258" path="1" />
                <BranchPoint vc="0" uspid="152" ordinal="13" offset="316" path="0" />
                <BranchPoint vc="0" uspid="153" ordinal="14" offset="316" path="1" />
                <BranchPoint vc="0" uspid="154" ordinal="15" offset="366" path="0" />
                <BranchPoint vc="0" uspid="155" ordinal="16" offset="366" path="1" />
                <BranchPoint vc="0" uspid="156" ordinal="17" offset="458" path="0" />
                <BranchPoint vc="0" uspid="157" ordinal="18" offset="458" path="1" />
                <BranchPoint vc="0" uspid="158" ordinal="19" offset="590" path="0" />
                <BranchPoint vc="0" uspid="159" ordinal="20" offset="590" path="1" />
              </BranchPoints>
              <MethodPoint xsi:type="SequencePoint" vc="0" uspid="51" ordinal="0" offset="0" sl="90" sc="3" el="90" ec="4" />
            </Method>
            <Method visited="false" cyclomaticComplexity="1" sequenceCoverage="0" branchCoverage="0" isConstructor="true" isStatic="false" isGetter="false" isSetter="false">
              <MetadataToken>100663299</MetadataToken>
              <Name>System.Void ClassicRemoteBotClient.Program::.ctor()</Name>
              <SequencePoints />
              <BranchPoints />
              <MethodPoint vc="0" uspid="160" ordinal="0" offset="0" />
            </Method>
            <Method visited="false" cyclomaticComplexity="1" sequenceCoverage="0" branchCoverage="0" isConstructor="true" isStatic="true" isGetter="false" isSetter="false">
              <MetadataToken>100663300</MetadataToken>
              <Name>System.Void ClassicRemoteBotClient.Program::.cctor()</Name>
              <FileRef uid="1" />
              <SequencePoints>
                <SequencePoint vc="0" uspid="161" ordinal="0" offset="0" sl="29" sc="3" el="29" ec="63" />
              </SequencePoints>
              <BranchPoints />
              <MethodPoint xsi:type="SequencePoint" vc="0" uspid="161" ordinal="0" offset="0" sl="29" sc="3" el="29" ec="63" />
            </Method>
          </Methods>
        </Class>
        <Class>
          <FullName>ClassicRemoteBotClient.Program/&lt;&gt;c__DisplayClass1</FullName>
          <Methods>
            <Method visited="false" cyclomaticComplexity="1" sequenceCoverage="0" branchCoverage="0" isConstructor="true" isStatic="false" isGetter="false" isSetter="false">
              <MetadataToken>100663301</MetadataToken>
              <Name>System.Void ClassicRemoteBotClient.Program/&lt;&gt;c__DisplayClass1::.ctor()</Name>
              <SequencePoints />
              <BranchPoints />
              <MethodPoint vc="0" uspid="162" ordinal="0" offset="0" />
            </Method>
            <Method visited="false" cyclomaticComplexity="1" sequenceCoverage="0" branchCoverage="0" isConstructor="false" isStatic="false" isGetter="false" isSetter="false">
              <MetadataToken>100663302</MetadataToken>
              <Name>System.Void ClassicRemoteBotClient.Program/&lt;&gt;c__DisplayClass1::&lt;Main&gt;b__0()</Name>
              <FileRef uid="1" />
              <SequencePoints>
                <SequencePoint vc="0" uspid="163" ordinal="0" offset="0" sl="61" sc="40" el="61" ec="41" />
                <SequencePoint vc="0" uspid="164" ordinal="1" offset="1" sl="61" sc="42" el="61" ec="57" />
              </SequencePoints>
              <BranchPoints />
              <MethodPoint xsi:type="SequencePoint" vc="0" uspid="163" ordinal="0" offset="0" sl="61" sc="40" el="61" ec="41" />
            </Method>
          </Methods>
        </Class>
      </Classes>
    </Module>
  </Modules>
</CoverageSession>